CRITICAL - 2022-04-09 11:56:04 --> syntax error, unexpected 'private' (T_PRIVATE)
#0 /app/myapp/system/Autoloader/Autoloader.php(241): CodeIgniter\Autoloader\Autoloader->includeFile()
#1 /app/myapp/system/Autoloader/Autoloader.php(219): CodeIgniter\Autoloader\Autoloader->loadInNamespace()
#2 [internal function]: CodeIgniter\Autoloader\Autoloader->loadClass()
#3 [internal function]: spl_autoload_call()
#4 /app/myapp/system/CodeIgniter.php(797): class_exists()
#5 /app/myapp/system/CodeIgniter.php(406): CodeIgniter\CodeIgniter->startController()
#6 /app/myapp/system/CodeIgniter.php(326): CodeIgniter\CodeIgniter->handleRequest()
#7 /app/myapp/public/index.php(37): CodeIgniter\CodeIgniter->run()
#8 {main}
CRITICAL - 2022-04-09 11:56:24 --> syntax error, unexpected 'private' (T_PRIVATE)
#0 /app/myapp/system/Autoloader/Autoloader.php(241): CodeIgniter\Autoloader\Autoloader->includeFile()
#1 /app/myapp/system/Autoloader/Autoloader.php(219): CodeIgniter\Autoloader\Autoloader->loadInNamespace()
#2 [internal function]: CodeIgniter\Autoloader\Autoloader->loadClass()
#3 [internal function]: spl_autoload_call()
#4 /app/myapp/system/CodeIgniter.php(797): class_exists()
#5 /app/myapp/system/CodeIgniter.php(406): CodeIgniter\CodeIgniter->startController()
#6 /app/myapp/system/CodeIgniter.php(326): CodeIgniter\CodeIgniter->handleRequest()
#7 /app/myapp/public/index.php(37): CodeIgniter\CodeIgniter->run()
#8 {main}
