CRITICAL - 2022-04-26 15:43:54 --> Class 'App\Controllers\UsuarioEstacionamientoModel' not found
#0 /app/myapp/system/CodeIgniter.php(832): App\Controllers\LoginLogOutController->login03Formulario()
#1 /app/myapp/system/CodeIgniter.php(419): CodeIgniter\CodeIgniter->runController()
#2 /app/myapp/system/CodeIgniter.php(326): CodeIgniter\CodeIgniter->handleRequest()
#3 /app/myapp/public/index.php(37): CodeIgniter\CodeIgniter->run()
#4 {main}
ERROR - 2022-04-26 15:44:45 --> Table 'estaciona.usuarios_estacionamiento' doesn't exist
CRITICAL - 2022-04-26 15:44:45 --> Call to a member function getResult() on bool
#0 /app/myapp/system/BaseModel.php(584): CodeIgniter\Model->doFindAll()
#1 /app/myapp/app/Models/UsuarioEstacionamientoModel.php(31): CodeIgniter\BaseModel->findAll()
#2 /app/myapp/app/Controllers/LoginLogOutController.php(82): App\Models\UsuarioEstacionamientoModel->todos()
#3 /app/myapp/system/CodeIgniter.php(832): App\Controllers\LoginLogOutController->login03Formulario()
#4 /app/myapp/system/CodeIgniter.php(419): CodeIgniter\CodeIgniter->runController()
#5 /app/myapp/system/CodeIgniter.php(326): CodeIgniter\CodeIgniter->handleRequest()
#6 /app/myapp/public/index.php(37): CodeIgniter\CodeIgniter->run()
#7 {main}
ERROR - 2022-04-26 15:46:19 --> Table 'estaciona.usuarios_estacionamiento' doesn't exist
CRITICAL - 2022-04-26 15:46:19 --> Call to a member function getResult() on bool
#0 /app/myapp/system/BaseModel.php(584): CodeIgniter\Model->doFindAll()
#1 /app/myapp/app/Models/UsuarioEstacionamientoModel.php(31): CodeIgniter\BaseModel->findAll()
#2 /app/myapp/app/Controllers/LoginLogOutController.php(82): App\Models\UsuarioEstacionamientoModel->todos()
#3 /app/myapp/system/CodeIgniter.php(832): App\Controllers\LoginLogOutController->login03Formulario()
#4 /app/myapp/system/CodeIgniter.php(419): CodeIgniter\CodeIgniter->runController()
#5 /app/myapp/system/CodeIgniter.php(326): CodeIgniter\CodeIgniter->handleRequest()
#6 /app/myapp/public/index.php(37): CodeIgniter\CodeIgniter->run()
#7 {main}
ERROR - 2022-04-26 15:47:48 --> Table 'estaciona.usuarios_estacionamiento' doesn't exist
CRITICAL - 2022-04-26 15:47:48 --> Call to a member function getResult() on bool
#0 /app/myapp/system/BaseModel.php(584): CodeIgniter\Model->doFindAll()
#1 /app/myapp/app/Models/UsuarioEstacionamientoModel.php(31): CodeIgniter\BaseModel->findAll()
#2 /app/myapp/app/Controllers/LoginLogOutController.php(82): App\Models\UsuarioEstacionamientoModel->todos()
#3 /app/myapp/system/CodeIgniter.php(832): App\Controllers\LoginLogOutController->login03Formulario()
#4 /app/myapp/system/CodeIgniter.php(419): CodeIgniter\CodeIgniter->runController()
#5 /app/myapp/system/CodeIgniter.php(326): CodeIgniter\CodeIgniter->handleRequest()
#6 /app/myapp/public/index.php(37): CodeIgniter\CodeIgniter->run()
#7 {main}
ERROR - 2022-04-26 15:50:21 --> Table 'estaciona.usuarios_estacionamiento' doesn't exist
CRITICAL - 2022-04-26 15:50:21 --> Call to a member function getResult() on bool
#0 /app/myapp/system/BaseModel.php(584): CodeIgniter\Model->doFindAll()
#1 /app/myapp/app/Models/UsuarioEstacionamientoModel.php(31): CodeIgniter\BaseModel->findAll()
#2 /app/myapp/app/Controllers/LoginLogOutController.php(82): App\Models\UsuarioEstacionamientoModel->todos()
#3 /app/myapp/system/CodeIgniter.php(832): App\Controllers\LoginLogOutController->login03Formulario()
#4 /app/myapp/system/CodeIgniter.php(419): CodeIgniter\CodeIgniter->runController()
#5 /app/myapp/system/CodeIgniter.php(326): CodeIgniter\CodeIgniter->handleRequest()
#6 /app/myapp/public/index.php(37): CodeIgniter\CodeIgniter->run()
#7 {main}
ERROR - 2022-04-26 15:52:36 --> Table 'estaciona.usuarios_estacionamiento' doesn't exist
CRITICAL - 2022-04-26 15:52:36 --> Call to a member function getResult() on bool
#0 /app/myapp/system/BaseModel.php(584): CodeIgniter\Model->doFindAll()
#1 /app/myapp/app/Models/UsuarioEstacionamientoModel.php(31): CodeIgniter\BaseModel->findAll()
#2 /app/myapp/app/Controllers/LoginLogOutController.php(82): App\Models\UsuarioEstacionamientoModel->todos()
#3 /app/myapp/system/CodeIgniter.php(832): App\Controllers\LoginLogOutController->login03Formulario()
#4 /app/myapp/system/CodeIgniter.php(419): CodeIgniter\CodeIgniter->runController()
#5 /app/myapp/system/CodeIgniter.php(326): CodeIgniter\CodeIgniter->handleRequest()
#6 /app/myapp/public/index.php(37): CodeIgniter\CodeIgniter->run()
#7 {main}
ERROR - 2022-04-26 15:52:37 --> Table 'estaciona.usuarios_estacionamiento' doesn't exist
CRITICAL - 2022-04-26 15:52:37 --> Call to a member function getResult() on bool
#0 /app/myapp/system/BaseModel.php(584): CodeIgniter\Model->doFindAll()
#1 /app/myapp/app/Models/UsuarioEstacionamientoModel.php(31): CodeIgniter\BaseModel->findAll()
#2 /app/myapp/app/Controllers/LoginLogOutController.php(82): App\Models\UsuarioEstacionamientoModel->todos()
#3 /app/myapp/system/CodeIgniter.php(832): App\Controllers\LoginLogOutController->login03Formulario()
#4 /app/myapp/system/CodeIgniter.php(419): CodeIgniter\CodeIgniter->runController()
#5 /app/myapp/system/CodeIgniter.php(326): CodeIgniter\CodeIgniter->handleRequest()
#6 /app/myapp/public/index.php(37): CodeIgniter\CodeIgniter->run()
#7 {main}
ERROR - 2022-04-26 15:52:39 --> Table 'estaciona.usuarios_estacionamiento' doesn't exist
CRITICAL - 2022-04-26 15:52:39 --> Call to a member function getResult() on bool
#0 /app/myapp/system/BaseModel.php(584): CodeIgniter\Model->doFindAll()
#1 /app/myapp/app/Models/UsuarioEstacionamientoModel.php(31): CodeIgniter\BaseModel->findAll()
#2 /app/myapp/app/Controllers/LoginLogOutController.php(82): App\Models\UsuarioEstacionamientoModel->todos()
#3 /app/myapp/system/CodeIgniter.php(832): App\Controllers\LoginLogOutController->login03Formulario()
#4 /app/myapp/system/CodeIgniter.php(419): CodeIgniter\CodeIgniter->runController()
#5 /app/myapp/system/CodeIgniter.php(326): CodeIgniter\CodeIgniter->handleRequest()
#6 /app/myapp/public/index.php(37): CodeIgniter\CodeIgniter->run()
#7 {main}
ERROR - 2022-04-26 15:55:55 --> Table 'estaciona.usuarios_estacionamiento' doesn't exist
CRITICAL - 2022-04-26 15:55:55 --> Call to a member function getResult() on bool
#0 /app/myapp/system/BaseModel.php(584): CodeIgniter\Model->doFindAll()
#1 /app/myapp/app/Models/UsuarioEstacionamientoModel.php(30): CodeIgniter\BaseModel->findAll()
#2 /app/myapp/app/Controllers/LoginLogOutController.php(82): App\Models\UsuarioEstacionamientoModel->todos()
#3 /app/myapp/system/CodeIgniter.php(832): App\Controllers\LoginLogOutController->login03Formulario()
#4 /app/myapp/system/CodeIgniter.php(419): CodeIgniter\CodeIgniter->runController()
#5 /app/myapp/system/CodeIgniter.php(326): CodeIgniter\CodeIgniter->handleRequest()
#6 /app/myapp/public/index.php(37): CodeIgniter\CodeIgniter->run()
#7 {main}
CRITICAL - 2022-04-26 19:10:00 --> Cannot use App\Models\UsuarioModel as UsuarioModel because the name is already in use
#0 [internal function]: CodeIgniter\Debug\Exceptions->shutdownHandler()
#1 {main}
CRITICAL - 2022-04-26 19:10:15 --> Cannot use App\Models\UsuarioModel as UsuarioModel because the name is already in use
#0 [internal function]: CodeIgniter\Debug\Exceptions->shutdownHandler()
#1 {main}
ERROR - 2022-04-26 19:10:41 --> Table 'estaciona.usuarios_estacionamiento' doesn't exist
CRITICAL - 2022-04-26 19:10:41 --> Call to a member function getResult() on bool
#0 /app/myapp/system/BaseModel.php(584): CodeIgniter\Model->doFindAll()
#1 /app/myapp/app/Models/UsuarioEstacionamientoModel.php(30): CodeIgniter\BaseModel->findAll()
#2 /app/myapp/app/Controllers/LoginLogOutController.php(82): App\Models\UsuarioEstacionamientoModel->todos()
#3 /app/myapp/system/CodeIgniter.php(832): App\Controllers\LoginLogOutController->login03Formulario()
#4 /app/myapp/system/CodeIgniter.php(419): CodeIgniter\CodeIgniter->runController()
#5 /app/myapp/system/CodeIgniter.php(326): CodeIgniter\CodeIgniter->handleRequest()
#6 /app/myapp/public/index.php(37): CodeIgniter\CodeIgniter->run()
#7 {main}
ERROR - 2022-04-26 19:23:15 --> Unknown column 'usuario_correo' in 'where clause'
CRITICAL - 2022-04-26 19:23:15 --> Call to a member function getCustomResultObject() on bool
#0 /app/myapp/app/Controllers/LoginLogOutController.php(103): App\Models\UsuarioEstacionamientoModel->usuarioPorCorreo()
#1 /app/myapp/system/CodeIgniter.php(832): App\Controllers\LoginLogOutController->login03Validar()
#2 /app/myapp/system/CodeIgniter.php(419): CodeIgniter\CodeIgniter->runController()
#3 /app/myapp/system/CodeIgniter.php(326): CodeIgniter\CodeIgniter->handleRequest()
#4 /app/myapp/public/index.php(37): CodeIgniter\CodeIgniter->run()
#5 {main}
CRITICAL - 2022-04-26 19:27:34 --> syntax error, unexpected '}', expecting end of file
#0 /app/myapp/system/View/View.php(213): CodeIgniter\View\View->CodeIgniter\View\{closure}()
#1 /app/myapp/system/View/View.php(226): CodeIgniter\View\View->render()
#2 /app/myapp/system/Common.php(1089): CodeIgniter\View\View->render()
#3 /app/myapp/app/Controllers/LoginLogOutController.php(84): view()
#4 /app/myapp/system/CodeIgniter.php(832): App\Controllers\LoginLogOutController->login03Formulario()
#5 /app/myapp/system/CodeIgniter.php(419): CodeIgniter\CodeIgniter->runController()
#6 /app/myapp/system/CodeIgniter.php(326): CodeIgniter\CodeIgniter->handleRequest()
#7 /app/myapp/public/index.php(37): CodeIgniter\CodeIgniter->run()
#8 {main}
