CRITICAL - 2022-04-11 14:31:12 --> Undefined variable: registros
#0 /app/myapp/app/Views/reserva/tarifaMinuto.php(5): CodeIgniter\Debug\Exceptions->errorHandler()
#1 /app/myapp/system/View/View.php(210): include('/app/myapp/app/...')
#2 /app/myapp/system/View/View.php(213): CodeIgniter\View\View->CodeIgniter\View\{closure}()
#3 /app/myapp/system/Common.php(1089): CodeIgniter\View\View->render()
#4 /app/myapp/app/Controllers/TarifaMinutoController.php(53): view()
#5 /app/myapp/system/CodeIgniter.php(832): App\Controllers\TarifaMinutoController->ver()
#6 /app/myapp/system/CodeIgniter.php(419): CodeIgniter\CodeIgniter->runController()
#7 /app/myapp/system/CodeIgniter.php(326): CodeIgniter\CodeIgniter->handleRequest()
#8 /app/myapp/public/index.php(37): CodeIgniter\CodeIgniter->run()
#9 {main}
CRITICAL - 2022-04-11 14:31:23 --> Undefined variable: registros
#0 /app/myapp/app/Views/reserva/tarifaDia.php(8): CodeIgniter\Debug\Exceptions->errorHandler()
#1 /app/myapp/system/View/View.php(210): include('/app/myapp/app/...')
#2 /app/myapp/system/View/View.php(213): CodeIgniter\View\View->CodeIgniter\View\{closure}()
#3 /app/myapp/system/Common.php(1089): CodeIgniter\View\View->render()
#4 /app/myapp/app/Controllers/TarifaDiaController.php(53): view()
#5 /app/myapp/system/CodeIgniter.php(832): App\Controllers\TarifaDiaController->ver()
#6 /app/myapp/system/CodeIgniter.php(419): CodeIgniter\CodeIgniter->runController()
#7 /app/myapp/system/CodeIgniter.php(326): CodeIgniter\CodeIgniter->handleRequest()
#8 /app/myapp/public/index.php(37): CodeIgniter\CodeIgniter->run()
#9 {main}
CRITICAL - 2022-04-11 14:34:49 --> Undefined variable: registros
#0 /app/myapp/app/Views/reserva/tarifaDia.php(8): CodeIgniter\Debug\Exceptions->errorHandler()
#1 /app/myapp/system/View/View.php(210): include('/app/myapp/app/...')
#2 /app/myapp/system/View/View.php(213): CodeIgniter\View\View->CodeIgniter\View\{closure}()
#3 /app/myapp/system/Common.php(1089): CodeIgniter\View\View->render()
#4 /app/myapp/app/Controllers/TarifaDiaController.php(53): view()
#5 /app/myapp/system/CodeIgniter.php(832): App\Controllers\TarifaDiaController->ver()
#6 /app/myapp/system/CodeIgniter.php(419): CodeIgniter\CodeIgniter->runController()
#7 /app/myapp/system/CodeIgniter.php(326): CodeIgniter\CodeIgniter->handleRequest()
#8 /app/myapp/public/index.php(37): CodeIgniter\CodeIgniter->run()
#9 {main}
CRITICAL - 2022-04-11 14:35:19 --> Undefined variable: registros
#0 /app/myapp/app/Views/reserva/tarifaDia.php(8): CodeIgniter\Debug\Exceptions->errorHandler()
#1 /app/myapp/system/View/View.php(210): include('/app/myapp/app/...')
#2 /app/myapp/system/View/View.php(213): CodeIgniter\View\View->CodeIgniter\View\{closure}()
#3 /app/myapp/system/Common.php(1089): CodeIgniter\View\View->render()
#4 /app/myapp/app/Controllers/TarifaDiaController.php(53): view()
#5 /app/myapp/system/CodeIgniter.php(832): App\Controllers\TarifaDiaController->ver()
#6 /app/myapp/system/CodeIgniter.php(419): CodeIgniter\CodeIgniter->runController()
#7 /app/myapp/system/CodeIgniter.php(326): CodeIgniter\CodeIgniter->handleRequest()
#8 /app/myapp/public/index.php(37): CodeIgniter\CodeIgniter->run()
#9 {main}
CRITICAL - 2022-04-11 14:36:23 --> Undefined variable: registros
#0 /app/myapp/app/Views/reserva/tarifaDia.php(8): CodeIgniter\Debug\Exceptions->errorHandler()
#1 /app/myapp/system/View/View.php(210): include('/app/myapp/app/...')
#2 /app/myapp/system/View/View.php(213): CodeIgniter\View\View->CodeIgniter\View\{closure}()
#3 /app/myapp/system/Common.php(1089): CodeIgniter\View\View->render()
#4 /app/myapp/app/Controllers/TarifaDiaController.php(53): view()
#5 /app/myapp/system/CodeIgniter.php(832): App\Controllers\TarifaDiaController->ver()
#6 /app/myapp/system/CodeIgniter.php(419): CodeIgniter\CodeIgniter->runController()
#7 /app/myapp/system/CodeIgniter.php(326): CodeIgniter\CodeIgniter->handleRequest()
#8 /app/myapp/public/index.php(37): CodeIgniter\CodeIgniter->run()
#9 {main}
CRITICAL - 2022-04-11 14:42:32 --> Undefined variable: registros
#0 /app/myapp/app/Views/reserva/tarifaMinuto.php(5): CodeIgniter\Debug\Exceptions->errorHandler()
#1 /app/myapp/system/View/View.php(210): include('/app/myapp/app/...')
#2 /app/myapp/system/View/View.php(213): CodeIgniter\View\View->CodeIgniter\View\{closure}()
#3 /app/myapp/system/Common.php(1089): CodeIgniter\View\View->render()
#4 /app/myapp/app/Controllers/TarifaMinutoController.php(53): view()
#5 /app/myapp/system/CodeIgniter.php(832): App\Controllers\TarifaMinutoController->ver()
#6 /app/myapp/system/CodeIgniter.php(419): CodeIgniter\CodeIgniter->runController()
#7 /app/myapp/system/CodeIgniter.php(326): CodeIgniter\CodeIgniter->handleRequest()
#8 /app/myapp/public/index.php(37): CodeIgniter\CodeIgniter->run()
#9 {main}
CRITICAL - 2022-04-11 15:14:31 --> Use of undefined constant datetime - assumed 'datetime' (this will throw an Error in a future version of PHP)
#0 /app/myapp/app/Views/reserva/tarifaMinuto.php(19): CodeIgniter\Debug\Exceptions->errorHandler()
#1 /app/myapp/system/View/View.php(210): include('/app/myapp/app/...')
#2 /app/myapp/system/View/View.php(213): CodeIgniter\View\View->CodeIgniter\View\{closure}()
#3 /app/myapp/system/Common.php(1089): CodeIgniter\View\View->render()
#4 /app/myapp/app/Controllers/TarifaMinutoController.php(53): view()
#5 /app/myapp/system/CodeIgniter.php(832): App\Controllers\TarifaMinutoController->ver()
#6 /app/myapp/system/CodeIgniter.php(419): CodeIgniter\CodeIgniter->runController()
#7 /app/myapp/system/CodeIgniter.php(326): CodeIgniter\CodeIgniter->handleRequest()
#8 /app/myapp/public/index.php(37): CodeIgniter\CodeIgniter->run()
#9 {main}
CRITICAL - 2022-04-11 15:30:03 --> time() expects exactly 0 parameters, 1 given
#0 [internal function]: CodeIgniter\Debug\Exceptions->errorHandler()
#1 /app/myapp/app/Views/reserva/tarifaMinuto.php(19): time()
#2 /app/myapp/system/View/View.php(210): include('/app/myapp/app/...')
#3 /app/myapp/system/View/View.php(213): CodeIgniter\View\View->CodeIgniter\View\{closure}()
#4 /app/myapp/system/Common.php(1089): CodeIgniter\View\View->render()
#5 /app/myapp/app/Controllers/TarifaMinutoController.php(53): view()
#6 /app/myapp/system/CodeIgniter.php(832): App\Controllers\TarifaMinutoController->ver()
#7 /app/myapp/system/CodeIgniter.php(419): CodeIgniter\CodeIgniter->runController()
#8 /app/myapp/system/CodeIgniter.php(326): CodeIgniter\CodeIgniter->handleRequest()
#9 /app/myapp/public/index.php(37): CodeIgniter\CodeIgniter->run()
#10 {main}
CRITICAL - 2022-04-11 15:55:03 --> Undefined variable: mindate
#0 /app/myapp/app/Views/reserva/tarifaMinuto.php(17): CodeIgniter\Debug\Exceptions->errorHandler()
#1 /app/myapp/system/View/View.php(210): include('/app/myapp/app/...')
#2 /app/myapp/system/View/View.php(213): CodeIgniter\View\View->CodeIgniter\View\{closure}()
#3 /app/myapp/system/Common.php(1089): CodeIgniter\View\View->render()
#4 /app/myapp/app/Controllers/TarifaMinutoController.php(53): view()
#5 /app/myapp/system/CodeIgniter.php(832): App\Controllers\TarifaMinutoController->ver()
#6 /app/myapp/system/CodeIgniter.php(419): CodeIgniter\CodeIgniter->runController()
#7 /app/myapp/system/CodeIgniter.php(326): CodeIgniter\CodeIgniter->handleRequest()
#8 /app/myapp/public/index.php(37): CodeIgniter\CodeIgniter->run()
#9 {main}
CRITICAL - 2022-04-11 19:32:02 --> session_start(): A session had already been started - ignoring
#0 [internal function]: CodeIgniter\Debug\Exceptions->errorHandler()
#1 /app/myapp/app/Views/login/formausuario.php(23): session_start()
#2 /app/myapp/system/View/View.php(210): include('/app/myapp/app/...')
#3 /app/myapp/system/View/View.php(213): CodeIgniter\View\View->CodeIgniter\View\{closure}()
#4 /app/myapp/system/View/View.php(226): CodeIgniter\View\View->render()
#5 /app/myapp/system/Common.php(1089): CodeIgniter\View\View->render()
#6 /app/myapp/app/Controllers/LoginLogOutController.php(11): view()
#7 /app/myapp/app/Controllers/LoginLogOutController.php(45): App\Controllers\LoginLogOutController->index()
#8 /app/myapp/system/CodeIgniter.php(832): App\Controllers\LoginLogOutController->login02Validar()
#9 /app/myapp/system/CodeIgniter.php(419): CodeIgniter\CodeIgniter->runController()
#10 /app/myapp/system/CodeIgniter.php(326): CodeIgniter\CodeIgniter->handleRequest()
#11 /app/myapp/public/index.php(37): CodeIgniter\CodeIgniter->run()
#12 {main}
CRITICAL - 2022-04-11 19:41:54 --> session_start(): A session had already been started - ignoring
#0 [internal function]: CodeIgniter\Debug\Exceptions->errorHandler()
#1 /app/myapp/app/Controllers/TarifaMinutoController.php(42): session_start()
#2 /app/myapp/app/Controllers/TarifaMinutoController.php(54): App\Controllers\TarifaMinutoController->recuperaReserva()
#3 /app/myapp/system/CodeIgniter.php(832): App\Controllers\TarifaMinutoController->ver()
#4 /app/myapp/system/CodeIgniter.php(419): CodeIgniter\CodeIgniter->runController()
#5 /app/myapp/system/CodeIgniter.php(326): CodeIgniter\CodeIgniter->handleRequest()
#6 /app/myapp/public/index.php(37): CodeIgniter\CodeIgniter->run()
#7 {main}
CRITICAL - 2022-04-11 19:42:42 --> session_start(): A session had already been started - ignoring
#0 [internal function]: CodeIgniter\Debug\Exceptions->errorHandler()
#1 /app/myapp/app/Controllers/TarifaMinutoController.php(42): session_start()
#2 /app/myapp/app/Controllers/TarifaMinutoController.php(54): App\Controllers\TarifaMinutoController->recuperaReserva()
#3 /app/myapp/system/CodeIgniter.php(832): App\Controllers\TarifaMinutoController->ver()
#4 /app/myapp/system/CodeIgniter.php(419): CodeIgniter\CodeIgniter->runController()
#5 /app/myapp/system/CodeIgniter.php(326): CodeIgniter\CodeIgniter->handleRequest()
#6 /app/myapp/public/index.php(37): CodeIgniter\CodeIgniter->run()
#7 {main}
CRITICAL - 2022-04-11 19:43:22 --> session_start(): A session had already been started - ignoring
#0 [internal function]: CodeIgniter\Debug\Exceptions->errorHandler()
#1 /app/myapp/app/Controllers/TarifaDiaController.php(42): session_start()
#2 /app/myapp/app/Controllers/TarifaDiaController.php(54): App\Controllers\TarifaDiaController->recuperaReserva()
#3 /app/myapp/system/CodeIgniter.php(832): App\Controllers\TarifaDiaController->ver()
#4 /app/myapp/system/CodeIgniter.php(419): CodeIgniter\CodeIgniter->runController()
#5 /app/myapp/system/CodeIgniter.php(326): CodeIgniter\CodeIgniter->handleRequest()
#6 /app/myapp/public/index.php(37): CodeIgniter\CodeIgniter->run()
#7 {main}
CRITICAL - 2022-04-11 19:45:36 --> session_start(): A session had already been started - ignoring
#0 [internal function]: CodeIgniter\Debug\Exceptions->errorHandler()
#1 /app/myapp/app/Controllers/PagaReservaDiaController.php(42): session_start()
#2 /app/myapp/app/Controllers/PagaReservaDiaController.php(54): App\Controllers\PagaReservaDiaController->recuperaReserva()
#3 /app/myapp/system/CodeIgniter.php(832): App\Controllers\PagaReservaDiaController->ver()
#4 /app/myapp/system/CodeIgniter.php(419): CodeIgniter\CodeIgniter->runController()
#5 /app/myapp/system/CodeIgniter.php(326): CodeIgniter\CodeIgniter->handleRequest()
#6 /app/myapp/public/index.php(37): CodeIgniter\CodeIgniter->run()
#7 {main}
