ERROR - 2022-03-28 19:01:26 --> Error connecting to the database: php_network_getaddresses: getaddrinfo failed: Name or service not known
CRITICAL - 2022-03-28 19:01:26 --> Unable to connect to the database.
Main connection [MySQLi]: php_network_getaddresses: getaddrinfo failed: Name or service not known
#0 /app/myapp/system/Database/BaseConnection.php(577): CodeIgniter\Database\BaseConnection->initialize()
#1 /app/myapp/system/Database/BaseBuilder.php(1455): CodeIgniter\Database\BaseConnection->query()
#2 /app/myapp/system/Model.php(183): CodeIgniter\Database\BaseBuilder->get()
#3 /app/myapp/system/BaseModel.php(584): CodeIgniter\Model->doFindAll()
#4 /app/myapp/app/Controllers/ConciertoCrud.php(11): CodeIgniter\BaseModel->findAll()
#5 /app/myapp/system/CodeIgniter.php(832): App\Controllers\ConciertoCrud->index()
#6 /app/myapp/system/CodeIgniter.php(419): CodeIgniter\CodeIgniter->runController()
#7 /app/myapp/system/CodeIgniter.php(326): CodeIgniter\CodeIgniter->handleRequest()
#8 /app/myapp/public/index.php(37): CodeIgniter\CodeIgniter->run()
#9 {main}
CRITICAL - 2022-03-28 19:02:28 --> syntax error, unexpected '='
#0 /app/myapp/system/View/View.php(213): CodeIgniter\View\View->CodeIgniter\View\{closure}()
#1 /app/myapp/system/Common.php(1089): CodeIgniter\View\View->render()
#2 /app/myapp/app/Controllers/NavegarBaseController.php(8): view()
#3 /app/myapp/system/CodeIgniter.php(832): App\Controllers\NavegarBaseController->index()
#4 /app/myapp/system/CodeIgniter.php(419): CodeIgniter\CodeIgniter->runController()
#5 /app/myapp/system/CodeIgniter.php(326): CodeIgniter\CodeIgniter->handleRequest()
#6 /app/myapp/public/index.php(37): CodeIgniter\CodeIgniter->run()
#7 {main}
CRITICAL - 2022-03-28 19:02:31 --> syntax error, unexpected '='
#0 /app/myapp/system/View/View.php(213): CodeIgniter\View\View->CodeIgniter\View\{closure}()
#1 /app/myapp/system/Common.php(1089): CodeIgniter\View\View->render()
#2 /app/myapp/app/Controllers/NavegarBaseController.php(8): view()
#3 /app/myapp/system/CodeIgniter.php(832): App\Controllers\NavegarBaseController->index()
#4 /app/myapp/system/CodeIgniter.php(419): CodeIgniter\CodeIgniter->runController()
#5 /app/myapp/system/CodeIgniter.php(326): CodeIgniter\CodeIgniter->handleRequest()
#6 /app/myapp/public/index.php(37): CodeIgniter\CodeIgniter->run()
#7 {main}
CRITICAL - 2022-03-28 19:02:53 --> syntax error, unexpected '='
#0 /app/myapp/system/View/View.php(213): CodeIgniter\View\View->CodeIgniter\View\{closure}()
#1 /app/myapp/system/Common.php(1089): CodeIgniter\View\View->render()
#2 /app/myapp/app/Controllers/NavegarBaseController.php(8): view()
#3 /app/myapp/system/CodeIgniter.php(832): App\Controllers\NavegarBaseController->index()
#4 /app/myapp/system/CodeIgniter.php(419): CodeIgniter\CodeIgniter->runController()
#5 /app/myapp/system/CodeIgniter.php(326): CodeIgniter\CodeIgniter->handleRequest()
#6 /app/myapp/public/index.php(37): CodeIgniter\CodeIgniter->run()
#7 {main}
CRITICAL - 2022-03-28 19:04:43 --> syntax error, unexpected '='
#0 /app/myapp/system/View/View.php(213): CodeIgniter\View\View->CodeIgniter\View\{closure}()
#1 /app/myapp/system/Common.php(1089): CodeIgniter\View\View->render()
#2 /app/myapp/app/Controllers/NavegarBaseController.php(8): view()
#3 /app/myapp/system/CodeIgniter.php(832): App\Controllers\NavegarBaseController->index()
#4 /app/myapp/system/CodeIgniter.php(419): CodeIgniter\CodeIgniter->runController()
#5 /app/myapp/system/CodeIgniter.php(326): CodeIgniter\CodeIgniter->handleRequest()
#6 /app/myapp/public/index.php(37): CodeIgniter\CodeIgniter->run()
#7 {main}
CRITICAL - 2022-03-28 19:06:10 --> mysqli_connect(): php_network_getaddresses: getaddrinfo failed: Name or service not known
#0 [internal function]: CodeIgniter\Debug\Exceptions->errorHandler()
#1 /app/myapp/app/Views/base/lista.php(18): mysqli_connect()
#2 /app/myapp/system/View/View.php(210): include('/app/myapp/app/...')
#3 /app/myapp/system/View/View.php(213): CodeIgniter\View\View->CodeIgniter\View\{closure}()
#4 /app/myapp/system/Common.php(1089): CodeIgniter\View\View->render()
#5 /app/myapp/app/Controllers/NavegarBaseController.php(8): view()
#6 /app/myapp/system/CodeIgniter.php(832): App\Controllers\NavegarBaseController->index()
#7 /app/myapp/system/CodeIgniter.php(419): CodeIgniter\CodeIgniter->runController()
#8 /app/myapp/system/CodeIgniter.php(326): CodeIgniter\CodeIgniter->handleRequest()
#9 /app/myapp/public/index.php(37): CodeIgniter\CodeIgniter->run()
#10 {main}
CRITICAL - 2022-03-28 19:12:04 --> mysqli_connect(): (HY000/2002): Connection refused
#0 [internal function]: CodeIgniter\Debug\Exceptions->errorHandler()
#1 /app/myapp/app/Views/base/lista.php(18): mysqli_connect()
#2 /app/myapp/system/View/View.php(210): include('/app/myapp/app/...')
#3 /app/myapp/system/View/View.php(213): CodeIgniter\View\View->CodeIgniter\View\{closure}()
#4 /app/myapp/system/Common.php(1089): CodeIgniter\View\View->render()
#5 /app/myapp/app/Controllers/NavegarBaseController.php(8): view()
#6 /app/myapp/system/CodeIgniter.php(832): App\Controllers\NavegarBaseController->index()
#7 /app/myapp/system/CodeIgniter.php(419): CodeIgniter\CodeIgniter->runController()
#8 /app/myapp/system/CodeIgniter.php(326): CodeIgniter\CodeIgniter->handleRequest()
#9 /app/myapp/public/index.php(37): CodeIgniter\CodeIgniter->run()
#10 {main}
CRITICAL - 2022-03-28 19:12:06 --> mysqli_connect(): (HY000/2002): Connection refused
#0 [internal function]: CodeIgniter\Debug\Exceptions->errorHandler()
#1 /app/myapp/app/Views/base/lista.php(18): mysqli_connect()
#2 /app/myapp/system/View/View.php(210): include('/app/myapp/app/...')
#3 /app/myapp/system/View/View.php(213): CodeIgniter\View\View->CodeIgniter\View\{closure}()
#4 /app/myapp/system/Common.php(1089): CodeIgniter\View\View->render()
#5 /app/myapp/app/Controllers/NavegarBaseController.php(8): view()
#6 /app/myapp/system/CodeIgniter.php(832): App\Controllers\NavegarBaseController->index()
#7 /app/myapp/system/CodeIgniter.php(419): CodeIgniter\CodeIgniter->runController()
#8 /app/myapp/system/CodeIgniter.php(326): CodeIgniter\CodeIgniter->handleRequest()
#9 /app/myapp/public/index.php(37): CodeIgniter\CodeIgniter->run()
#10 {main}
CRITICAL - 2022-03-28 19:12:40 --> mysqli_connect(): (HY000/1045): Access denied for user 'tesis'@'172.18.0.3' (using password: YES)
#0 [internal function]: CodeIgniter\Debug\Exceptions->errorHandler()
#1 /app/myapp/app/Views/base/lista.php(18): mysqli_connect()
#2 /app/myapp/system/View/View.php(210): include('/app/myapp/app/...')
#3 /app/myapp/system/View/View.php(213): CodeIgniter\View\View->CodeIgniter\View\{closure}()
#4 /app/myapp/system/Common.php(1089): CodeIgniter\View\View->render()
#5 /app/myapp/app/Controllers/NavegarBaseController.php(8): view()
#6 /app/myapp/system/CodeIgniter.php(832): App\Controllers\NavegarBaseController->index()
#7 /app/myapp/system/CodeIgniter.php(419): CodeIgniter\CodeIgniter->runController()
#8 /app/myapp/system/CodeIgniter.php(326): CodeIgniter\CodeIgniter->handleRequest()
#9 /app/myapp/public/index.php(37): CodeIgniter\CodeIgniter->run()
#10 {main}
ERROR - 2022-03-28 19:14:41 --> Table 'bitnami_myapp.conciertos' doesn't exist
CRITICAL - 2022-03-28 19:14:41 --> Call to a member function getResult() on bool
#0 /app/myapp/system/BaseModel.php(584): CodeIgniter\Model->doFindAll()
#1 /app/myapp/app/Controllers/ConciertoCrud.php(11): CodeIgniter\BaseModel->findAll()
#2 /app/myapp/system/CodeIgniter.php(832): App\Controllers\ConciertoCrud->index()
#3 /app/myapp/system/CodeIgniter.php(419): CodeIgniter\CodeIgniter->runController()
#4 /app/myapp/system/CodeIgniter.php(326): CodeIgniter\CodeIgniter->handleRequest()
#5 /app/myapp/public/index.php(37): CodeIgniter\CodeIgniter->run()
#6 {main}
ERROR - 2022-03-28 21:18:40 --> Error connecting to the database: Access denied for user '****'@'172.19.0.3' (using password: YES)
CRITICAL - 2022-03-28 21:18:40 --> Unable to connect to the database.
Main connection [MySQLi]: Access denied for user '****'@'172.19.0.3' (using password: YES)
#0 /app/myapp/system/Database/BaseConnection.php(577): CodeIgniter\Database\BaseConnection->initialize()
#1 /app/myapp/system/Database/BaseBuilder.php(1455): CodeIgniter\Database\BaseConnection->query()
#2 /app/myapp/system/Model.php(183): CodeIgniter\Database\BaseBuilder->get()
#3 /app/myapp/system/BaseModel.php(584): CodeIgniter\Model->doFindAll()
#4 /app/myapp/app/Controllers/ConciertoCrud.php(11): CodeIgniter\BaseModel->findAll()
#5 /app/myapp/system/CodeIgniter.php(832): App\Controllers\ConciertoCrud->index()
#6 /app/myapp/system/CodeIgniter.php(419): CodeIgniter\CodeIgniter->runController()
#7 /app/myapp/system/CodeIgniter.php(326): CodeIgniter\CodeIgniter->handleRequest()
#8 /app/myapp/public/index.php(37): CodeIgniter\CodeIgniter->run()
#9 {main}
ERROR - 2022-03-28 21:19:16 --> Error connecting to the database: Access denied for user '****'@'172.19.0.3' (using password: YES)
CRITICAL - 2022-03-28 21:19:16 --> Unable to connect to the database.
Main connection [MySQLi]: Access denied for user '****'@'172.19.0.3' (using password: YES)
#0 /app/myapp/system/Database/BaseConnection.php(577): CodeIgniter\Database\BaseConnection->initialize()
#1 /app/myapp/system/Database/BaseBuilder.php(1455): CodeIgniter\Database\BaseConnection->query()
#2 /app/myapp/system/Model.php(183): CodeIgniter\Database\BaseBuilder->get()
#3 /app/myapp/system/BaseModel.php(584): CodeIgniter\Model->doFindAll()
#4 /app/myapp/app/Controllers/ConciertoCrud.php(11): CodeIgniter\BaseModel->findAll()
#5 /app/myapp/system/CodeIgniter.php(832): App\Controllers\ConciertoCrud->index()
#6 /app/myapp/system/CodeIgniter.php(419): CodeIgniter\CodeIgniter->runController()
#7 /app/myapp/system/CodeIgniter.php(326): CodeIgniter\CodeIgniter->handleRequest()
#8 /app/myapp/public/index.php(37): CodeIgniter\CodeIgniter->run()
#9 {main}
ERROR - 2022-03-28 21:19:20 --> Error connecting to the database: Access denied for user '****'@'172.19.0.3' (using password: YES)
CRITICAL - 2022-03-28 21:19:20 --> Unable to connect to the database.
Main connection [MySQLi]: Access denied for user '****'@'172.19.0.3' (using password: YES)
#0 /app/myapp/system/Database/BaseConnection.php(577): CodeIgniter\Database\BaseConnection->initialize()
#1 /app/myapp/system/Database/BaseBuilder.php(1455): CodeIgniter\Database\BaseConnection->query()
#2 /app/myapp/system/Model.php(183): CodeIgniter\Database\BaseBuilder->get()
#3 /app/myapp/system/BaseModel.php(584): CodeIgniter\Model->doFindAll()
#4 /app/myapp/app/Controllers/ConciertoCrud.php(11): CodeIgniter\BaseModel->findAll()
#5 /app/myapp/system/CodeIgniter.php(832): App\Controllers\ConciertoCrud->index()
#6 /app/myapp/system/CodeIgniter.php(419): CodeIgniter\CodeIgniter->runController()
#7 /app/myapp/system/CodeIgniter.php(326): CodeIgniter\CodeIgniter->handleRequest()
#8 /app/myapp/public/index.php(37): CodeIgniter\CodeIgniter->run()
#9 {main}
CRITICAL - 2022-03-28 21:44:03 --> Invalid file: concierto/agregar01Formulario.php
#0 /app/myapp/system/View/View.php(198): CodeIgniter\Exceptions\FrameworkException::forInvalidFile()
#1 /app/myapp/system/Common.php(1089): CodeIgniter\View\View->render()
#2 /app/myapp/app/Controllers/ConciertoCrud.php(21): view()
#3 /app/myapp/system/CodeIgniter.php(832): App\Controllers\ConciertoCrud->agregar01Formulario()
#4 /app/myapp/system/CodeIgniter.php(419): CodeIgniter\CodeIgniter->runController()
#5 /app/myapp/system/CodeIgniter.php(326): CodeIgniter\CodeIgniter->handleRequest()
#6 /app/myapp/public/index.php(37): CodeIgniter\CodeIgniter->run()
#7 {main}
ERROR - 2022-03-28 21:50:29 --> Error connecting to the database: Connection refused
CRITICAL - 2022-03-28 21:50:29 --> Unable to connect to the database.
Main connection [MySQLi]: Connection refused
#0 /app/myapp/system/Database/BaseConnection.php(577): CodeIgniter\Database\BaseConnection->initialize()
#1 /app/myapp/system/Database/BaseBuilder.php(1455): CodeIgniter\Database\BaseConnection->query()
#2 /app/myapp/system/Model.php(183): CodeIgniter\Database\BaseBuilder->get()
#3 /app/myapp/system/BaseModel.php(584): CodeIgniter\Model->doFindAll()
#4 /app/myapp/app/Controllers/ConciertoCrud.php(11): CodeIgniter\BaseModel->findAll()
#5 /app/myapp/system/CodeIgniter.php(832): App\Controllers\ConciertoCrud->index()
#6 /app/myapp/system/CodeIgniter.php(419): CodeIgniter\CodeIgniter->runController()
#7 /app/myapp/system/CodeIgniter.php(326): CodeIgniter\CodeIgniter->handleRequest()
#8 /app/myapp/public/index.php(37): CodeIgniter\CodeIgniter->run()
#9 {main}
ERROR - 2022-03-28 21:50:31 --> Error connecting to the database: Connection refused
CRITICAL - 2022-03-28 21:50:31 --> Unable to connect to the database.
Main connection [MySQLi]: Connection refused
#0 /app/myapp/system/Database/BaseConnection.php(577): CodeIgniter\Database\BaseConnection->initialize()
#1 /app/myapp/system/Database/BaseBuilder.php(1455): CodeIgniter\Database\BaseConnection->query()
#2 /app/myapp/system/Model.php(183): CodeIgniter\Database\BaseBuilder->get()
#3 /app/myapp/system/BaseModel.php(584): CodeIgniter\Model->doFindAll()
#4 /app/myapp/app/Controllers/ConciertoCrud.php(11): CodeIgniter\BaseModel->findAll()
#5 /app/myapp/system/CodeIgniter.php(832): App\Controllers\ConciertoCrud->index()
#6 /app/myapp/system/CodeIgniter.php(419): CodeIgniter\CodeIgniter->runController()
#7 /app/myapp/system/CodeIgniter.php(326): CodeIgniter\CodeIgniter->handleRequest()
#8 /app/myapp/public/index.php(37): CodeIgniter\CodeIgniter->run()
#9 {main}
ERROR - 2022-03-28 21:50:32 --> Error connecting to the database: Connection refused
CRITICAL - 2022-03-28 21:50:32 --> Unable to connect to the database.
Main connection [MySQLi]: Connection refused
#0 /app/myapp/system/Database/BaseConnection.php(577): CodeIgniter\Database\BaseConnection->initialize()
#1 /app/myapp/system/Database/BaseBuilder.php(1455): CodeIgniter\Database\BaseConnection->query()
#2 /app/myapp/system/Model.php(183): CodeIgniter\Database\BaseBuilder->get()
#3 /app/myapp/system/BaseModel.php(584): CodeIgniter\Model->doFindAll()
#4 /app/myapp/app/Controllers/ConciertoCrud.php(11): CodeIgniter\BaseModel->findAll()
#5 /app/myapp/system/CodeIgniter.php(832): App\Controllers\ConciertoCrud->index()
#6 /app/myapp/system/CodeIgniter.php(419): CodeIgniter\CodeIgniter->runController()
#7 /app/myapp/system/CodeIgniter.php(326): CodeIgniter\CodeIgniter->handleRequest()
#8 /app/myapp/public/index.php(37): CodeIgniter\CodeIgniter->run()
#9 {main}
ERROR - 2022-03-28 21:50:33 --> Error connecting to the database: Connection refused
CRITICAL - 2022-03-28 21:50:33 --> Unable to connect to the database.
Main connection [MySQLi]: Connection refused
#0 /app/myapp/system/Database/BaseConnection.php(577): CodeIgniter\Database\BaseConnection->initialize()
#1 /app/myapp/system/Database/BaseBuilder.php(1455): CodeIgniter\Database\BaseConnection->query()
#2 /app/myapp/system/Model.php(183): CodeIgniter\Database\BaseBuilder->get()
#3 /app/myapp/system/BaseModel.php(584): CodeIgniter\Model->doFindAll()
#4 /app/myapp/app/Controllers/ConciertoCrud.php(11): CodeIgniter\BaseModel->findAll()
#5 /app/myapp/system/CodeIgniter.php(832): App\Controllers\ConciertoCrud->index()
#6 /app/myapp/system/CodeIgniter.php(419): CodeIgniter\CodeIgniter->runController()
#7 /app/myapp/system/CodeIgniter.php(326): CodeIgniter\CodeIgniter->handleRequest()
#8 /app/myapp/public/index.php(37): CodeIgniter\CodeIgniter->run()
#9 {main}
ERROR - 2022-03-28 21:50:35 --> Error connecting to the database: Connection refused
CRITICAL - 2022-03-28 21:50:35 --> Unable to connect to the database.
Main connection [MySQLi]: Connection refused
#0 /app/myapp/system/Database/BaseConnection.php(577): CodeIgniter\Database\BaseConnection->initialize()
#1 /app/myapp/system/Database/BaseBuilder.php(1455): CodeIgniter\Database\BaseConnection->query()
#2 /app/myapp/system/Model.php(183): CodeIgniter\Database\BaseBuilder->get()
#3 /app/myapp/system/BaseModel.php(584): CodeIgniter\Model->doFindAll()
#4 /app/myapp/app/Controllers/ConciertoCrud.php(11): CodeIgniter\BaseModel->findAll()
#5 /app/myapp/system/CodeIgniter.php(832): App\Controllers\ConciertoCrud->index()
#6 /app/myapp/system/CodeIgniter.php(419): CodeIgniter\CodeIgniter->runController()
#7 /app/myapp/system/CodeIgniter.php(326): CodeIgniter\CodeIgniter->handleRequest()
#8 /app/myapp/public/index.php(37): CodeIgniter\CodeIgniter->run()
#9 {main}
ERROR - 2022-03-28 21:50:36 --> Error connecting to the database: Connection refused
CRITICAL - 2022-03-28 21:50:36 --> Unable to connect to the database.
Main connection [MySQLi]: Connection refused
#0 /app/myapp/system/Database/BaseConnection.php(577): CodeIgniter\Database\BaseConnection->initialize()
#1 /app/myapp/system/Database/BaseBuilder.php(1455): CodeIgniter\Database\BaseConnection->query()
#2 /app/myapp/system/Model.php(183): CodeIgniter\Database\BaseBuilder->get()
#3 /app/myapp/system/BaseModel.php(584): CodeIgniter\Model->doFindAll()
#4 /app/myapp/app/Controllers/ConciertoCrud.php(11): CodeIgniter\BaseModel->findAll()
#5 /app/myapp/system/CodeIgniter.php(832): App\Controllers\ConciertoCrud->index()
#6 /app/myapp/system/CodeIgniter.php(419): CodeIgniter\CodeIgniter->runController()
#7 /app/myapp/system/CodeIgniter.php(326): CodeIgniter\CodeIgniter->handleRequest()
#8 /app/myapp/public/index.php(37): CodeIgniter\CodeIgniter->run()
#9 {main}
CRITICAL - 2022-03-28 21:50:48 --> Invalid file: concierto/agregar01Formulario.php
#0 /app/myapp/system/View/View.php(198): CodeIgniter\Exceptions\FrameworkException::forInvalidFile()
#1 /app/myapp/system/Common.php(1089): CodeIgniter\View\View->render()
#2 /app/myapp/app/Controllers/ConciertoCrud.php(21): view()
#3 /app/myapp/system/CodeIgniter.php(832): App\Controllers\ConciertoCrud->agregar01Formulario()
#4 /app/myapp/system/CodeIgniter.php(419): CodeIgniter\CodeIgniter->runController()
#5 /app/myapp/system/CodeIgniter.php(326): CodeIgniter\CodeIgniter->handleRequest()
#6 /app/myapp/public/index.php(37): CodeIgniter\CodeIgniter->run()
#7 {main}
CRITICAL - 2022-03-28 22:22:10 --> Class 'App\Entities\Concierto' not found
#0 [internal function]: CodeIgniter\Debug\Exceptions->shutdownHandler()
#1 {main}
CRITICAL - 2022-03-28 22:23:19 --> Class 'App\Entities\Concierto' not found
#0 [internal function]: CodeIgniter\Debug\Exceptions->shutdownHandler()
#1 {main}
CRITICAL - 2022-03-28 22:23:35 --> Class 'App\Entities\Concierto.php' not found
#0 [internal function]: CodeIgniter\Debug\Exceptions->shutdownHandler()
#1 {main}
CRITICAL - 2022-03-28 22:23:57 --> Class 'App\Entities\Concierto.php' not found
#0 [internal function]: CodeIgniter\Debug\Exceptions->shutdownHandler()
#1 {main}
CRITICAL - 2022-03-28 22:24:20 --> Use of undefined constant id - assumed 'id' (this will throw an Error in a future version of PHP)
#0 /app/myapp/app/Views/concierto/lista.php(44): CodeIgniter\Debug\Exceptions->errorHandler()
#1 /app/myapp/system/View/View.php(210): include('/app/myapp/app/...')
#2 /app/myapp/system/View/View.php(213): CodeIgniter\View\View->CodeIgniter\View\{closure}()
#3 /app/myapp/system/Common.php(1089): CodeIgniter\View\View->render()
#4 /app/myapp/app/Controllers/ConciertoCrud.php(13): view()
#5 /app/myapp/system/CodeIgniter.php(832): App\Controllers\ConciertoCrud->index()
#6 /app/myapp/system/CodeIgniter.php(419): CodeIgniter\CodeIgniter->runController()
#7 /app/myapp/system/CodeIgniter.php(326): CodeIgniter\CodeIgniter->handleRequest()
#8 /app/myapp/public/index.php(37): CodeIgniter\CodeIgniter->run()
#9 {main}
CRITICAL - 2022-03-28 22:25:31 --> Cannot use object of type App\Entities\Concierto as array
#0 /app/myapp/system/View/View.php(210): include()
#1 /app/myapp/system/View/View.php(213): CodeIgniter\View\View->CodeIgniter\View\{closure}()
#2 /app/myapp/system/Common.php(1089): CodeIgniter\View\View->render()
#3 /app/myapp/app/Controllers/ConciertoCrud.php(13): view()
#4 /app/myapp/system/CodeIgniter.php(832): App\Controllers\ConciertoCrud->index()
#5 /app/myapp/system/CodeIgniter.php(419): CodeIgniter\CodeIgniter->runController()
#6 /app/myapp/system/CodeIgniter.php(326): CodeIgniter\CodeIgniter->handleRequest()
#7 /app/myapp/public/index.php(37): CodeIgniter\CodeIgniter->run()
#8 {main}
CRITICAL - 2022-03-28 22:26:09 --> syntax error, unexpected ']', expecting ';' or ','
#0 /app/myapp/system/View/View.php(213): CodeIgniter\View\View->CodeIgniter\View\{closure}()
#1 /app/myapp/system/Common.php(1089): CodeIgniter\View\View->render()
#2 /app/myapp/app/Controllers/ConciertoCrud.php(13): view()
#3 /app/myapp/system/CodeIgniter.php(832): App\Controllers\ConciertoCrud->index()
#4 /app/myapp/system/CodeIgniter.php(419): CodeIgniter\CodeIgniter->runController()
#5 /app/myapp/system/CodeIgniter.php(326): CodeIgniter\CodeIgniter->handleRequest()
#6 /app/myapp/public/index.php(37): CodeIgniter\CodeIgniter->run()
#7 {main}
CRITICAL - 2022-03-28 22:26:18 --> Use of undefined constant nombre - assumed 'nombre' (this will throw an Error in a future version of PHP)
#0 /app/myapp/app/Views/concierto/lista.php(45): CodeIgniter\Debug\Exceptions->errorHandler()
#1 /app/myapp/system/View/View.php(210): include('/app/myapp/app/...')
#2 /app/myapp/system/View/View.php(213): CodeIgniter\View\View->CodeIgniter\View\{closure}()
#3 /app/myapp/system/Common.php(1089): CodeIgniter\View\View->render()
#4 /app/myapp/app/Controllers/ConciertoCrud.php(13): view()
#5 /app/myapp/system/CodeIgniter.php(832): App\Controllers\ConciertoCrud->index()
#6 /app/myapp/system/CodeIgniter.php(419): CodeIgniter\CodeIgniter->runController()
#7 /app/myapp/system/CodeIgniter.php(326): CodeIgniter\CodeIgniter->handleRequest()
#8 /app/myapp/public/index.php(37): CodeIgniter\CodeIgniter->run()
#9 {main}
CRITICAL - 2022-03-28 22:47:17 --> Call to undefined function App\Controllers\find()
#0 /app/myapp/system/CodeIgniter.php(832): App\Controllers\ConciertoCrud->ver()
#1 /app/myapp/system/CodeIgniter.php(419): CodeIgniter\CodeIgniter->runController()
#2 /app/myapp/system/CodeIgniter.php(326): CodeIgniter\CodeIgniter->handleRequest()
#3 /app/myapp/public/index.php(37): CodeIgniter\CodeIgniter->run()
#4 {main}
CRITICAL - 2022-03-28 23:04:52 --> syntax error, unexpected '?>', expecting ':'
#0 /app/myapp/system/View/View.php(213): CodeIgniter\View\View->CodeIgniter\View\{closure}()
#1 /app/myapp/system/Common.php(1089): CodeIgniter\View\View->render()
#2 /app/myapp/app/Controllers/ConciertoCrud.php(26): view()
#3 /app/myapp/system/CodeIgniter.php(832): App\Controllers\ConciertoCrud->ver()
#4 /app/myapp/system/CodeIgniter.php(419): CodeIgniter\CodeIgniter->runController()
#5 /app/myapp/system/CodeIgniter.php(326): CodeIgniter\CodeIgniter->handleRequest()
#6 /app/myapp/public/index.php(37): CodeIgniter\CodeIgniter->run()
#7 {main}
CRITICAL - 2022-03-28 23:05:22 --> syntax error, unexpected ';', expecting ':'
#0 /app/myapp/system/View/View.php(213): CodeIgniter\View\View->CodeIgniter\View\{closure}()
#1 /app/myapp/system/Common.php(1089): CodeIgniter\View\View->render()
#2 /app/myapp/app/Controllers/ConciertoCrud.php(26): view()
#3 /app/myapp/system/CodeIgniter.php(832): App\Controllers\ConciertoCrud->ver()
#4 /app/myapp/system/CodeIgniter.php(419): CodeIgniter\CodeIgniter->runController()
#5 /app/myapp/system/CodeIgniter.php(326): CodeIgniter\CodeIgniter->handleRequest()
#6 /app/myapp/public/index.php(37): CodeIgniter\CodeIgniter->run()
#7 {main}
CRITICAL - 2022-03-28 23:05:46 --> syntax error, unexpected '?>', expecting ':'
#0 /app/myapp/system/View/View.php(213): CodeIgniter\View\View->CodeIgniter\View\{closure}()
#1 /app/myapp/system/Common.php(1089): CodeIgniter\View\View->render()
#2 /app/myapp/app/Controllers/ConciertoCrud.php(26): view()
#3 /app/myapp/system/CodeIgniter.php(832): App\Controllers\ConciertoCrud->ver()
#4 /app/myapp/system/CodeIgniter.php(419): CodeIgniter\CodeIgniter->runController()
#5 /app/myapp/system/CodeIgniter.php(326): CodeIgniter\CodeIgniter->handleRequest()
#6 /app/myapp/public/index.php(37): CodeIgniter\CodeIgniter->run()
#7 {main}
CRITICAL - 2022-03-28 23:05:57 --> Undefined variable: concierto
#0 /app/myapp/app/Views/concierto/ver.php(21): CodeIgniter\Debug\Exceptions->errorHandler()
#1 /app/myapp/system/View/View.php(210): include('/app/myapp/app/...')
#2 /app/myapp/system/View/View.php(213): CodeIgniter\View\View->CodeIgniter\View\{closure}()
#3 /app/myapp/system/Common.php(1089): CodeIgniter\View\View->render()
#4 /app/myapp/app/Controllers/ConciertoCrud.php(26): view()
#5 /app/myapp/system/CodeIgniter.php(832): App\Controllers\ConciertoCrud->ver()
#6 /app/myapp/system/CodeIgniter.php(419): CodeIgniter\CodeIgniter->runController()
#7 /app/myapp/system/CodeIgniter.php(326): CodeIgniter\CodeIgniter->handleRequest()
#8 /app/myapp/public/index.php(37): CodeIgniter\CodeIgniter->run()
#9 {main}
CRITICAL - 2022-03-28 23:07:48 --> syntax error, unexpected ',', expecting ';'
#0 /app/myapp/system/Autoloader/Autoloader.php(241): CodeIgniter\Autoloader\Autoloader->includeFile()
#1 /app/myapp/system/Autoloader/Autoloader.php(219): CodeIgniter\Autoloader\Autoloader->loadInNamespace()
#2 [internal function]: CodeIgniter\Autoloader\Autoloader->loadClass()
#3 [internal function]: spl_autoload_call()
#4 /app/myapp/system/CodeIgniter.php(797): class_exists()
#5 /app/myapp/system/CodeIgniter.php(406): CodeIgniter\CodeIgniter->startController()
#6 /app/myapp/system/CodeIgniter.php(326): CodeIgniter\CodeIgniter->handleRequest()
#7 /app/myapp/public/index.php(37): CodeIgniter\CodeIgniter->run()
#8 {main}
CRITICAL - 2022-03-28 23:08:06 --> syntax error, unexpected ';', expecting ')'
#0 /app/myapp/system/Autoloader/Autoloader.php(241): CodeIgniter\Autoloader\Autoloader->includeFile()
#1 /app/myapp/system/Autoloader/Autoloader.php(219): CodeIgniter\Autoloader\Autoloader->loadInNamespace()
#2 [internal function]: CodeIgniter\Autoloader\Autoloader->loadClass()
#3 [internal function]: spl_autoload_call()
#4 /app/myapp/system/CodeIgniter.php(797): class_exists()
#5 /app/myapp/system/CodeIgniter.php(406): CodeIgniter\CodeIgniter->startController()
#6 /app/myapp/system/CodeIgniter.php(326): CodeIgniter\CodeIgniter->handleRequest()
#7 /app/myapp/public/index.php(37): CodeIgniter\CodeIgniter->run()
#8 {main}
CRITICAL - 2022-03-28 23:11:39 --> Undefined variable: reg
#0 /app/myapp/app/Views/concierto/agregar01Formulario.php(32): CodeIgniter\Debug\Exceptions->errorHandler()
#1 /app/myapp/system/View/View.php(210): include('/app/myapp/app/...')
#2 /app/myapp/system/View/View.php(213): CodeIgniter\View\View->CodeIgniter\View\{closure}()
#3 /app/myapp/system/Common.php(1089): CodeIgniter\View\View->render()
#4 /app/myapp/app/Controllers/ConciertoCrud.php(30): view()
#5 /app/myapp/system/CodeIgniter.php(832): App\Controllers\ConciertoCrud->agregar01Formulario()
#6 /app/myapp/system/CodeIgniter.php(419): CodeIgniter\CodeIgniter->runController()
#7 /app/myapp/system/CodeIgniter.php(326): CodeIgniter\CodeIgniter->handleRequest()
#8 /app/myapp/public/index.php(37): CodeIgniter\CodeIgniter->run()
#9 {main}
CRITICAL - 2022-03-28 23:12:45 --> Undefined variable: reg
#0 /app/myapp/app/Views/concierto/agregar01Formulario.php(32): CodeIgniter\Debug\Exceptions->errorHandler()
#1 /app/myapp/system/View/View.php(210): include('/app/myapp/app/...')
#2 /app/myapp/system/View/View.php(213): CodeIgniter\View\View->CodeIgniter\View\{closure}()
#3 /app/myapp/system/Common.php(1089): CodeIgniter\View\View->render()
#4 /app/myapp/app/Controllers/ConciertoCrud.php(30): view()
#5 /app/myapp/system/CodeIgniter.php(832): App\Controllers\ConciertoCrud->agregar01Formulario()
#6 /app/myapp/system/CodeIgniter.php(419): CodeIgniter\CodeIgniter->runController()
#7 /app/myapp/system/CodeIgniter.php(326): CodeIgniter\CodeIgniter->handleRequest()
#8 /app/myapp/public/index.php(37): CodeIgniter\CodeIgniter->run()
#9 {main}
