CRITICAL - 2022-04-18 20:54:35 --> Undefined variable: registros
#0 /app/myapp/app/Views/reserva/tarifaMinuto.php(20): CodeIgniter\Debug\Exceptions->errorHandler()
#1 /app/myapp/system/View/View.php(210): include('/app/myapp/app/...')
#2 /app/myapp/system/View/View.php(213): CodeIgniter\View\View->CodeIgniter\View\{closure}()
#3 /app/myapp/system/Common.php(1089): CodeIgniter\View\View->render()
#4 /app/myapp/app/Controllers/TarifaMinutoController.php(56): view()
#5 /app/myapp/system/CodeIgniter.php(832): App\Controllers\TarifaMinutoController->ver()
#6 /app/myapp/system/CodeIgniter.php(419): CodeIgniter\CodeIgniter->runController()
#7 /app/myapp/system/CodeIgniter.php(326): CodeIgniter\CodeIgniter->handleRequest()
#8 /app/myapp/public/index.php(37): CodeIgniter\CodeIgniter->run()
#9 {main}
CRITICAL - 2022-04-18 20:56:14 --> Undefined variable: registros
#0 /app/myapp/app/Views/reserva/tarifaMinuto.php(20): CodeIgniter\Debug\Exceptions->errorHandler()
#1 /app/myapp/system/View/View.php(210): include('/app/myapp/app/...')
#2 /app/myapp/system/View/View.php(213): CodeIgniter\View\View->CodeIgniter\View\{closure}()
#3 /app/myapp/system/Common.php(1089): CodeIgniter\View\View->render()
#4 /app/myapp/app/Controllers/TarifaMinutoController.php(56): view()
#5 /app/myapp/system/CodeIgniter.php(832): App\Controllers\TarifaMinutoController->ver()
#6 /app/myapp/system/CodeIgniter.php(419): CodeIgniter\CodeIgniter->runController()
#7 /app/myapp/system/CodeIgniter.php(326): CodeIgniter\CodeIgniter->handleRequest()
#8 /app/myapp/public/index.php(37): CodeIgniter\CodeIgniter->run()
#9 {main}
CRITICAL - 2022-04-18 20:57:32 --> Undefined variable: registros
#0 /app/myapp/app/Views/reserva/tarifaMinuto.php(20): CodeIgniter\Debug\Exceptions->errorHandler()
#1 /app/myapp/system/View/View.php(210): include('/app/myapp/app/...')
#2 /app/myapp/system/View/View.php(213): CodeIgniter\View\View->CodeIgniter\View\{closure}()
#3 /app/myapp/system/Common.php(1089): CodeIgniter\View\View->render()
#4 /app/myapp/app/Controllers/TarifaMinutoController.php(56): view()
#5 /app/myapp/system/CodeIgniter.php(832): App\Controllers\TarifaMinutoController->ver()
#6 /app/myapp/system/CodeIgniter.php(419): CodeIgniter\CodeIgniter->runController()
#7 /app/myapp/system/CodeIgniter.php(326): CodeIgniter\CodeIgniter->handleRequest()
#8 /app/myapp/public/index.php(37): CodeIgniter\CodeIgniter->run()
#9 {main}
CRITICAL - 2022-04-18 20:58:21 --> Undefined variable: registros
#0 /app/myapp/app/Views/reserva/tarifaMinuto.php(6): CodeIgniter\Debug\Exceptions->errorHandler()
#1 /app/myapp/system/View/View.php(210): include('/app/myapp/app/...')
#2 /app/myapp/system/View/View.php(213): CodeIgniter\View\View->CodeIgniter\View\{closure}()
#3 /app/myapp/system/Common.php(1089): CodeIgniter\View\View->render()
#4 /app/myapp/app/Controllers/TarifaMinutoController.php(56): view()
#5 /app/myapp/system/CodeIgniter.php(832): App\Controllers\TarifaMinutoController->ver()
#6 /app/myapp/system/CodeIgniter.php(419): CodeIgniter\CodeIgniter->runController()
#7 /app/myapp/system/CodeIgniter.php(326): CodeIgniter\CodeIgniter->handleRequest()
#8 /app/myapp/public/index.php(37): CodeIgniter\CodeIgniter->run()
#9 {main}
CRITICAL - 2022-04-18 20:58:27 --> Undefined variable: registros
#0 /app/myapp/app/Views/reserva/tarifaMinuto.php(6): CodeIgniter\Debug\Exceptions->errorHandler()
#1 /app/myapp/system/View/View.php(210): include('/app/myapp/app/...')
#2 /app/myapp/system/View/View.php(213): CodeIgniter\View\View->CodeIgniter\View\{closure}()
#3 /app/myapp/system/Common.php(1089): CodeIgniter\View\View->render()
#4 /app/myapp/app/Controllers/TarifaMinutoController.php(56): view()
#5 /app/myapp/system/CodeIgniter.php(832): App\Controllers\TarifaMinutoController->ver()
#6 /app/myapp/system/CodeIgniter.php(419): CodeIgniter\CodeIgniter->runController()
#7 /app/myapp/system/CodeIgniter.php(326): CodeIgniter\CodeIgniter->handleRequest()
#8 /app/myapp/public/index.php(37): CodeIgniter\CodeIgniter->run()
#9 {main}
CRITICAL - 2022-04-18 21:04:21 --> Undefined variable: registros
#0 /app/myapp/app/Views/reserva/tarifaMinuto.php(6): CodeIgniter\Debug\Exceptions->errorHandler()
#1 /app/myapp/system/View/View.php(210): include('/app/myapp/app/...')
#2 /app/myapp/system/View/View.php(213): CodeIgniter\View\View->CodeIgniter\View\{closure}()
#3 /app/myapp/system/Common.php(1089): CodeIgniter\View\View->render()
#4 /app/myapp/app/Controllers/TarifaMinutoController.php(56): view()
#5 /app/myapp/system/CodeIgniter.php(832): App\Controllers\TarifaMinutoController->ver()
#6 /app/myapp/system/CodeIgniter.php(419): CodeIgniter\CodeIgniter->runController()
#7 /app/myapp/system/CodeIgniter.php(326): CodeIgniter\CodeIgniter->handleRequest()
#8 /app/myapp/public/index.php(37): CodeIgniter\CodeIgniter->run()
#9 {main}
CRITICAL - 2022-04-18 21:04:28 --> Undefined variable: registros
#0 /app/myapp/app/Views/reserva/tarifaMinuto.php(6): CodeIgniter\Debug\Exceptions->errorHandler()
#1 /app/myapp/system/View/View.php(210): include('/app/myapp/app/...')
#2 /app/myapp/system/View/View.php(213): CodeIgniter\View\View->CodeIgniter\View\{closure}()
#3 /app/myapp/system/Common.php(1089): CodeIgniter\View\View->render()
#4 /app/myapp/app/Controllers/TarifaMinutoController.php(56): view()
#5 /app/myapp/system/CodeIgniter.php(832): App\Controllers\TarifaMinutoController->ver()
#6 /app/myapp/system/CodeIgniter.php(419): CodeIgniter\CodeIgniter->runController()
#7 /app/myapp/system/CodeIgniter.php(326): CodeIgniter\CodeIgniter->handleRequest()
#8 /app/myapp/public/index.php(37): CodeIgniter\CodeIgniter->run()
#9 {main}
CRITICAL - 2022-04-18 21:07:51 --> Undefined variable: registros
#0 /app/myapp/app/Views/reserva/tarifaMinuto.php(6): CodeIgniter\Debug\Exceptions->errorHandler()
#1 /app/myapp/system/View/View.php(210): include('/app/myapp/app/...')
#2 /app/myapp/system/View/View.php(213): CodeIgniter\View\View->CodeIgniter\View\{closure}()
#3 /app/myapp/system/Common.php(1089): CodeIgniter\View\View->render()
#4 /app/myapp/app/Controllers/TarifaMinutoController.php(56): view()
#5 /app/myapp/system/CodeIgniter.php(832): App\Controllers\TarifaMinutoController->ver()
#6 /app/myapp/system/CodeIgniter.php(419): CodeIgniter\CodeIgniter->runController()
#7 /app/myapp/system/CodeIgniter.php(326): CodeIgniter\CodeIgniter->handleRequest()
#8 /app/myapp/public/index.php(37): CodeIgniter\CodeIgniter->run()
#9 {main}
CRITICAL - 2022-04-18 21:08:17 --> Undefined variable: registros
#0 /app/myapp/app/Views/reserva/tarifaMinuto.php(6): CodeIgniter\Debug\Exceptions->errorHandler()
#1 /app/myapp/system/View/View.php(210): include('/app/myapp/app/...')
#2 /app/myapp/system/View/View.php(213): CodeIgniter\View\View->CodeIgniter\View\{closure}()
#3 /app/myapp/system/Common.php(1089): CodeIgniter\View\View->render()
#4 /app/myapp/app/Controllers/TarifaMinutoController.php(56): view()
#5 /app/myapp/system/CodeIgniter.php(832): App\Controllers\TarifaMinutoController->ver()
#6 /app/myapp/system/CodeIgniter.php(419): CodeIgniter\CodeIgniter->runController()
#7 /app/myapp/system/CodeIgniter.php(326): CodeIgniter\CodeIgniter->handleRequest()
#8 /app/myapp/public/index.php(37): CodeIgniter\CodeIgniter->run()
#9 {main}
CRITICAL - 2022-04-18 21:09:19 --> Undefined variable: registros
#0 /app/myapp/app/Views/reserva/tarifaMinuto.php(6): CodeIgniter\Debug\Exceptions->errorHandler()
#1 /app/myapp/system/View/View.php(210): include('/app/myapp/app/...')
#2 /app/myapp/system/View/View.php(213): CodeIgniter\View\View->CodeIgniter\View\{closure}()
#3 /app/myapp/system/Common.php(1089): CodeIgniter\View\View->render()
#4 /app/myapp/app/Controllers/TarifaMinutoController.php(56): view()
#5 /app/myapp/system/CodeIgniter.php(832): App\Controllers\TarifaMinutoController->ver()
#6 /app/myapp/system/CodeIgniter.php(419): CodeIgniter\CodeIgniter->runController()
#7 /app/myapp/system/CodeIgniter.php(326): CodeIgniter\CodeIgniter->handleRequest()
#8 /app/myapp/public/index.php(37): CodeIgniter\CodeIgniter->run()
#9 {main}
CRITICAL - 2022-04-18 21:24:24 --> syntax error, unexpected 'method' (T_STRING), expecting ';' or ','
#0 /app/myapp/system/View/View.php(213): CodeIgniter\View\View->CodeIgniter\View\{closure}()
#1 /app/myapp/system/Common.php(1089): CodeIgniter\View\View->render()
#2 /app/myapp/app/Controllers/TarifaMinutoController.php(56): view()
#3 /app/myapp/system/CodeIgniter.php(832): App\Controllers\TarifaMinutoController->ver()
#4 /app/myapp/system/CodeIgniter.php(419): CodeIgniter\CodeIgniter->runController()
#5 /app/myapp/system/CodeIgniter.php(326): CodeIgniter\CodeIgniter->handleRequest()
#6 /app/myapp/public/index.php(37): CodeIgniter\CodeIgniter->run()
#7 {main}
CRITICAL - 2022-04-18 22:26:43 --> Undefined variable: msg
#0 /app/myapp/app/Views/formView.php(15): CodeIgniter\Debug\Exceptions->errorHandler()
#1 /app/myapp/system/View/View.php(210): include('/app/myapp/app/...')
#2 /app/myapp/system/View/View.php(213): CodeIgniter\View\View->CodeIgniter\View\{closure}()
#3 /app/myapp/system/Common.php(1089): CodeIgniter\View\View->render()
#4 /app/myapp/app/Controllers/Home.php(16): view()
#5 /app/myapp/system/CodeIgniter.php(832): App\Controllers\Home->formulario()
#6 /app/myapp/system/CodeIgniter.php(419): CodeIgniter\CodeIgniter->runController()
#7 /app/myapp/system/CodeIgniter.php(326): CodeIgniter\CodeIgniter->handleRequest()
#8 /app/myapp/public/index.php(37): CodeIgniter\CodeIgniter->run()
#9 {main}
CRITICAL - 2022-04-18 22:28:06 --> Undefined variable: msg
#0 /app/myapp/app/Views/formView.php(15): CodeIgniter\Debug\Exceptions->errorHandler()
#1 /app/myapp/system/View/View.php(210): include('/app/myapp/app/...')
#2 /app/myapp/system/View/View.php(213): CodeIgniter\View\View->CodeIgniter\View\{closure}()
#3 /app/myapp/system/Common.php(1089): CodeIgniter\View\View->render()
#4 /app/myapp/app/Controllers/Home.php(16): view()
#5 /app/myapp/system/CodeIgniter.php(832): App\Controllers\Home->formulario()
#6 /app/myapp/system/CodeIgniter.php(419): CodeIgniter\CodeIgniter->runController()
#7 /app/myapp/system/CodeIgniter.php(326): CodeIgniter\CodeIgniter->handleRequest()
#8 /app/myapp/public/index.php(37): CodeIgniter\CodeIgniter->run()
#9 {main}
CRITICAL - 2022-04-18 22:28:30 --> Undefined variable: msg
#0 /app/myapp/app/Views/formView.php(15): CodeIgniter\Debug\Exceptions->errorHandler()
#1 /app/myapp/system/View/View.php(210): include('/app/myapp/app/...')
#2 /app/myapp/system/View/View.php(213): CodeIgniter\View\View->CodeIgniter\View\{closure}()
#3 /app/myapp/system/Common.php(1089): CodeIgniter\View\View->render()
#4 /app/myapp/app/Controllers/Home.php(16): view()
#5 /app/myapp/system/CodeIgniter.php(832): App\Controllers\Home->formulario()
#6 /app/myapp/system/CodeIgniter.php(419): CodeIgniter\CodeIgniter->runController()
#7 /app/myapp/system/CodeIgniter.php(326): CodeIgniter\CodeIgniter->handleRequest()
#8 /app/myapp/public/index.php(37): CodeIgniter\CodeIgniter->run()
#9 {main}
CRITICAL - 2022-04-18 22:30:27 --> Cannot use isset() on the result of an expression (you can use "null !== expression" instead)
#0 [internal function]: CodeIgniter\Debug\Exceptions->shutdownHandler()
#1 {main}
CRITICAL - 2022-04-18 22:31:10 --> Use of undefined constant name - assumed 'name' (this will throw an Error in a future version of PHP)
#0 /app/myapp/app/Controllers/Home.php(15): CodeIgniter\Debug\Exceptions->errorHandler()
#1 /app/myapp/system/CodeIgniter.php(832): App\Controllers\Home->formulario()
#2 /app/myapp/system/CodeIgniter.php(419): CodeIgniter\CodeIgniter->runController()
#3 /app/myapp/system/CodeIgniter.php(326): CodeIgniter\CodeIgniter->handleRequest()
#4 /app/myapp/public/index.php(37): CodeIgniter\CodeIgniter->run()
#5 {main}
CRITICAL - 2022-04-18 22:31:45 --> Use of undefined constant name - assumed 'name' (this will throw an Error in a future version of PHP)
#0 /app/myapp/app/Controllers/Home.php(15): CodeIgniter\Debug\Exceptions->errorHandler()
#1 /app/myapp/system/CodeIgniter.php(832): App\Controllers\Home->formulario()
#2 /app/myapp/system/CodeIgniter.php(419): CodeIgniter\CodeIgniter->runController()
#3 /app/myapp/system/CodeIgniter.php(326): CodeIgniter\CodeIgniter->handleRequest()
#4 /app/myapp/public/index.php(37): CodeIgniter\CodeIgniter->run()
#5 {main}
CRITICAL - 2022-04-18 22:33:40 --> Use of undefined constant name - assumed 'name' (this will throw an Error in a future version of PHP)
#0 /app/myapp/app/Controllers/Home.php(15): CodeIgniter\Debug\Exceptions->errorHandler()
#1 /app/myapp/system/CodeIgniter.php(832): App\Controllers\Home->formulario()
#2 /app/myapp/system/CodeIgniter.php(419): CodeIgniter\CodeIgniter->runController()
#3 /app/myapp/system/CodeIgniter.php(326): CodeIgniter\CodeIgniter->handleRequest()
#4 /app/myapp/public/index.php(37): CodeIgniter\CodeIgniter->run()
#5 {main}
CRITICAL - 2022-04-18 22:34:04 --> Cannot use isset() on the result of an expression (you can use "null !== expression" instead)
#0 [internal function]: CodeIgniter\Debug\Exceptions->shutdownHandler()
#1 {main}
CRITICAL - 2022-04-18 22:34:32 --> Cannot use isset() on the result of an expression (you can use "null !== expression" instead)
#0 [internal function]: CodeIgniter\Debug\Exceptions->shutdownHandler()
#1 {main}
CRITICAL - 2022-04-18 22:34:52 --> Undefined variable: msg
#0 /app/myapp/app/Controllers/Home.php(17): CodeIgniter\Debug\Exceptions->errorHandler()
#1 /app/myapp/system/CodeIgniter.php(832): App\Controllers\Home->formulario()
#2 /app/myapp/system/CodeIgniter.php(419): CodeIgniter\CodeIgniter->runController()
#3 /app/myapp/system/CodeIgniter.php(326): CodeIgniter\CodeIgniter->handleRequest()
#4 /app/myapp/public/index.php(37): CodeIgniter\CodeIgniter->run()
#5 {main}
CRITICAL - 2022-04-18 22:35:46 --> Undefined variable: msg
#0 /app/myapp/app/Views/formView.php(15): CodeIgniter\Debug\Exceptions->errorHandler()
#1 /app/myapp/system/View/View.php(210): include('/app/myapp/app/...')
#2 /app/myapp/system/View/View.php(213): CodeIgniter\View\View->CodeIgniter\View\{closure}()
#3 /app/myapp/system/Common.php(1089): CodeIgniter\View\View->render()
#4 /app/myapp/app/Controllers/Home.php(17): view()
#5 /app/myapp/system/CodeIgniter.php(832): App\Controllers\Home->formulario()
#6 /app/myapp/system/CodeIgniter.php(419): CodeIgniter\CodeIgniter->runController()
#7 /app/myapp/system/CodeIgniter.php(326): CodeIgniter\CodeIgniter->handleRequest()
#8 /app/myapp/public/index.php(37): CodeIgniter\CodeIgniter->run()
#9 {main}
CRITICAL - 2022-04-18 22:36:47 --> Undefined variable: msg
#0 /app/myapp/app/Views/formView.php(15): CodeIgniter\Debug\Exceptions->errorHandler()
#1 /app/myapp/system/View/View.php(210): include('/app/myapp/app/...')
#2 /app/myapp/system/View/View.php(213): CodeIgniter\View\View->CodeIgniter\View\{closure}()
#3 /app/myapp/system/Common.php(1089): CodeIgniter\View\View->render()
#4 /app/myapp/app/Controllers/Home.php(15): view()
#5 /app/myapp/system/CodeIgniter.php(832): App\Controllers\Home->formulario()
#6 /app/myapp/system/CodeIgniter.php(419): CodeIgniter\CodeIgniter->runController()
#7 /app/myapp/system/CodeIgniter.php(326): CodeIgniter\CodeIgniter->handleRequest()
#8 /app/myapp/public/index.php(37): CodeIgniter\CodeIgniter->run()
#9 {main}
CRITICAL - 2022-04-18 22:37:39 --> Undefined variable: msg
#0 /app/myapp/app/Views/formView.php(15): CodeIgniter\Debug\Exceptions->errorHandler()
#1 /app/myapp/system/View/View.php(210): include('/app/myapp/app/...')
#2 /app/myapp/system/View/View.php(213): CodeIgniter\View\View->CodeIgniter\View\{closure}()
#3 /app/myapp/system/Common.php(1089): CodeIgniter\View\View->render()
#4 /app/myapp/app/Controllers/Home.php(15): view()
#5 /app/myapp/system/CodeIgniter.php(832): App\Controllers\Home->formulario()
#6 /app/myapp/system/CodeIgniter.php(419): CodeIgniter\CodeIgniter->runController()
#7 /app/myapp/system/CodeIgniter.php(326): CodeIgniter\CodeIgniter->handleRequest()
#8 /app/myapp/public/index.php(37): CodeIgniter\CodeIgniter->run()
#9 {main}
CRITICAL - 2022-04-18 22:39:49 --> Undefined variable: hola
#0 /app/myapp/app/Controllers/Home.php(15): CodeIgniter\Debug\Exceptions->errorHandler()
#1 /app/myapp/system/CodeIgniter.php(832): App\Controllers\Home->formulario()
#2 /app/myapp/system/CodeIgniter.php(419): CodeIgniter\CodeIgniter->runController()
#3 /app/myapp/system/CodeIgniter.php(326): CodeIgniter\CodeIgniter->handleRequest()
#4 /app/myapp/public/index.php(37): CodeIgniter\CodeIgniter->run()
#5 {main}
CRITICAL - 2022-04-18 22:40:05 --> Undefined variable: msg
#0 /app/myapp/app/Views/formView.php(15): CodeIgniter\Debug\Exceptions->errorHandler()
#1 /app/myapp/system/View/View.php(210): include('/app/myapp/app/...')
#2 /app/myapp/system/View/View.php(213): CodeIgniter\View\View->CodeIgniter\View\{closure}()
#3 /app/myapp/system/Common.php(1089): CodeIgniter\View\View->render()
#4 /app/myapp/app/Controllers/Home.php(19): view()
#5 /app/myapp/system/CodeIgniter.php(832): App\Controllers\Home->formulario()
#6 /app/myapp/system/CodeIgniter.php(419): CodeIgniter\CodeIgniter->runController()
#7 /app/myapp/system/CodeIgniter.php(326): CodeIgniter\CodeIgniter->handleRequest()
#8 /app/myapp/public/index.php(37): CodeIgniter\CodeIgniter->run()
#9 {main}
CRITICAL - 2022-04-18 22:41:11 --> Undefined variable: msg
#0 /app/myapp/app/Views/formView.php(15): CodeIgniter\Debug\Exceptions->errorHandler()
#1 /app/myapp/system/View/View.php(210): include('/app/myapp/app/...')
#2 /app/myapp/system/View/View.php(213): CodeIgniter\View\View->CodeIgniter\View\{closure}()
#3 /app/myapp/system/Common.php(1089): CodeIgniter\View\View->render()
#4 /app/myapp/app/Controllers/Home.php(19): view()
#5 /app/myapp/system/CodeIgniter.php(832): App\Controllers\Home->formulario()
#6 /app/myapp/system/CodeIgniter.php(419): CodeIgniter\CodeIgniter->runController()
#7 /app/myapp/system/CodeIgniter.php(326): CodeIgniter\CodeIgniter->handleRequest()
#8 /app/myapp/public/index.php(37): CodeIgniter\CodeIgniter->run()
#9 {main}
CRITICAL - 2022-04-18 22:41:45 --> Undefined variable: msg
#0 /app/myapp/app/Views/formView.php(15): CodeIgniter\Debug\Exceptions->errorHandler()
#1 /app/myapp/system/View/View.php(210): include('/app/myapp/app/...')
#2 /app/myapp/system/View/View.php(213): CodeIgniter\View\View->CodeIgniter\View\{closure}()
#3 /app/myapp/system/Common.php(1089): CodeIgniter\View\View->render()
#4 /app/myapp/app/Controllers/Home.php(19): view()
#5 /app/myapp/system/CodeIgniter.php(832): App\Controllers\Home->formulario()
#6 /app/myapp/system/CodeIgniter.php(419): CodeIgniter\CodeIgniter->runController()
#7 /app/myapp/system/CodeIgniter.php(326): CodeIgniter\CodeIgniter->handleRequest()
#8 /app/myapp/public/index.php(37): CodeIgniter\CodeIgniter->run()
#9 {main}
CRITICAL - 2022-04-18 22:41:51 --> Undefined variable: msg
#0 /app/myapp/app/Views/formView.php(15): CodeIgniter\Debug\Exceptions->errorHandler()
#1 /app/myapp/system/View/View.php(210): include('/app/myapp/app/...')
#2 /app/myapp/system/View/View.php(213): CodeIgniter\View\View->CodeIgniter\View\{closure}()
#3 /app/myapp/system/Common.php(1089): CodeIgniter\View\View->render()
#4 /app/myapp/app/Controllers/Home.php(19): view()
#5 /app/myapp/system/CodeIgniter.php(832): App\Controllers\Home->formulario()
#6 /app/myapp/system/CodeIgniter.php(419): CodeIgniter\CodeIgniter->runController()
#7 /app/myapp/system/CodeIgniter.php(326): CodeIgniter\CodeIgniter->handleRequest()
#8 /app/myapp/public/index.php(37): CodeIgniter\CodeIgniter->run()
#9 {main}
CRITICAL - 2022-04-18 22:42:06 --> Undefined variable: msg
#0 /app/myapp/app/Views/formView.php(15): CodeIgniter\Debug\Exceptions->errorHandler()
#1 /app/myapp/system/View/View.php(210): include('/app/myapp/app/...')
#2 /app/myapp/system/View/View.php(213): CodeIgniter\View\View->CodeIgniter\View\{closure}()
#3 /app/myapp/system/Common.php(1089): CodeIgniter\View\View->render()
#4 /app/myapp/app/Controllers/Home.php(19): view()
#5 /app/myapp/system/CodeIgniter.php(832): App\Controllers\Home->formulario()
#6 /app/myapp/system/CodeIgniter.php(419): CodeIgniter\CodeIgniter->runController()
#7 /app/myapp/system/CodeIgniter.php(326): CodeIgniter\CodeIgniter->handleRequest()
#8 /app/myapp/public/index.php(37): CodeIgniter\CodeIgniter->run()
#9 {main}
CRITICAL - 2022-04-18 22:48:04 --> syntax error, unexpected '}'
#0 /app/myapp/system/Router/Router.php(175): CodeIgniter\Router\Router->autoRoute()
#1 /app/myapp/system/CodeIgniter.php(726): CodeIgniter\Router\Router->handle()
#2 /app/myapp/system/CodeIgniter.php(368): CodeIgniter\CodeIgniter->tryToRouteIt()
#3 /app/myapp/system/CodeIgniter.php(326): CodeIgniter\CodeIgniter->handleRequest()
#4 /app/myapp/public/index.php(37): CodeIgniter\CodeIgniter->run()
#5 {main}
CRITICAL - 2022-04-18 22:48:18 --> Undefined variable: request
#0 /app/myapp/app/Controllers/Home.php(16): CodeIgniter\Debug\Exceptions->errorHandler()
#1 /app/myapp/system/CodeIgniter.php(832): App\Controllers\Home->formulario()
#2 /app/myapp/system/CodeIgniter.php(419): CodeIgniter\CodeIgniter->runController()
#3 /app/myapp/system/CodeIgniter.php(326): CodeIgniter\CodeIgniter->handleRequest()
#4 /app/myapp/public/index.php(37): CodeIgniter\CodeIgniter->run()
#5 {main}
CRITICAL - 2022-04-18 22:50:06 --> Array to string conversion
#0 /app/myapp/app/Controllers/Home.php(16): CodeIgniter\Debug\Exceptions->errorHandler()
#1 /app/myapp/system/CodeIgniter.php(832): App\Controllers\Home->formulario()
#2 /app/myapp/system/CodeIgniter.php(419): CodeIgniter\CodeIgniter->runController()
#3 /app/myapp/system/CodeIgniter.php(326): CodeIgniter\CodeIgniter->handleRequest()
#4 /app/myapp/public/index.php(37): CodeIgniter\CodeIgniter->run()
#5 {main}
CRITICAL - 2022-04-18 22:54:04 --> syntax error, unexpected '$name' (T_VARIABLE)
#0 /app/myapp/system/Router/Router.php(175): CodeIgniter\Router\Router->autoRoute()
#1 /app/myapp/system/CodeIgniter.php(726): CodeIgniter\Router\Router->handle()
#2 /app/myapp/system/CodeIgniter.php(368): CodeIgniter\CodeIgniter->tryToRouteIt()
#3 /app/myapp/system/CodeIgniter.php(326): CodeIgniter\CodeIgniter->handleRequest()
#4 /app/myapp/public/index.php(37): CodeIgniter\CodeIgniter->run()
#5 {main}
CRITICAL - 2022-04-18 22:54:22 --> Undefined variable: request
#0 /app/myapp/app/Controllers/Home.php(16): CodeIgniter\Debug\Exceptions->errorHandler()
#1 /app/myapp/system/CodeIgniter.php(832): App\Controllers\Home->formulario()
#2 /app/myapp/system/CodeIgniter.php(419): CodeIgniter\CodeIgniter->runController()
#3 /app/myapp/system/CodeIgniter.php(326): CodeIgniter\CodeIgniter->handleRequest()
#4 /app/myapp/public/index.php(37): CodeIgniter\CodeIgniter->run()
#5 {main}
CRITICAL - 2022-04-18 22:57:25 --> Array to string conversion
#0 /app/myapp/app/Controllers/Home.php(16): CodeIgniter\Debug\Exceptions->errorHandler()
#1 /app/myapp/system/CodeIgniter.php(832): App\Controllers\Home->formulario()
#2 /app/myapp/system/CodeIgniter.php(419): CodeIgniter\CodeIgniter->runController()
#3 /app/myapp/system/CodeIgniter.php(326): CodeIgniter\CodeIgniter->handleRequest()
#4 /app/myapp/public/index.php(37): CodeIgniter\CodeIgniter->run()
#5 {main}
CRITICAL - 2022-04-18 22:58:09 --> Array to string conversion
#0 /app/myapp/app/Controllers/Home.php(16): CodeIgniter\Debug\Exceptions->errorHandler()
#1 /app/myapp/system/CodeIgniter.php(832): App\Controllers\Home->formulario()
#2 /app/myapp/system/CodeIgniter.php(419): CodeIgniter\CodeIgniter->runController()
#3 /app/myapp/system/CodeIgniter.php(326): CodeIgniter\CodeIgniter->handleRequest()
#4 /app/myapp/public/index.php(37): CodeIgniter\CodeIgniter->run()
#5 {main}
CRITICAL - 2022-04-18 22:58:57 --> Undefined variable: msg
#0 /app/myapp/app/Views/formView.php(15): CodeIgniter\Debug\Exceptions->errorHandler()
#1 /app/myapp/system/View/View.php(210): include('/app/myapp/app/...')
#2 /app/myapp/system/View/View.php(213): CodeIgniter\View\View->CodeIgniter\View\{closure}()
#3 /app/myapp/system/Common.php(1089): CodeIgniter\View\View->render()
#4 /app/myapp/app/Controllers/Home.php(22): view()
#5 /app/myapp/system/CodeIgniter.php(832): App\Controllers\Home->formulario()
#6 /app/myapp/system/CodeIgniter.php(419): CodeIgniter\CodeIgniter->runController()
#7 /app/myapp/system/CodeIgniter.php(326): CodeIgniter\CodeIgniter->handleRequest()
#8 /app/myapp/public/index.php(37): CodeIgniter\CodeIgniter->run()
#9 {main}
CRITICAL - 2022-04-18 23:00:07 --> Undefined variable: msg
#0 /app/myapp/app/Views/formView.php(15): CodeIgniter\Debug\Exceptions->errorHandler()
#1 /app/myapp/system/View/View.php(210): include('/app/myapp/app/...')
#2 /app/myapp/system/View/View.php(213): CodeIgniter\View\View->CodeIgniter\View\{closure}()
#3 /app/myapp/system/Common.php(1089): CodeIgniter\View\View->render()
#4 /app/myapp/app/Controllers/Home.php(22): view()
#5 /app/myapp/system/CodeIgniter.php(832): App\Controllers\Home->formulario()
#6 /app/myapp/system/CodeIgniter.php(419): CodeIgniter\CodeIgniter->runController()
#7 /app/myapp/system/CodeIgniter.php(326): CodeIgniter\CodeIgniter->handleRequest()
#8 /app/myapp/public/index.php(37): CodeIgniter\CodeIgniter->run()
#9 {main}
CRITICAL - 2022-04-18 23:02:16 --> Undefined variable: msg
#0 /app/myapp/app/Views/formView.php(15): CodeIgniter\Debug\Exceptions->errorHandler()
#1 /app/myapp/system/View/View.php(210): include('/app/myapp/app/...')
#2 /app/myapp/system/View/View.php(213): CodeIgniter\View\View->CodeIgniter\View\{closure}()
#3 /app/myapp/system/Common.php(1089): CodeIgniter\View\View->render()
#4 /app/myapp/app/Controllers/Home.php(22): view()
#5 /app/myapp/system/CodeIgniter.php(832): App\Controllers\Home->formulario()
#6 /app/myapp/system/CodeIgniter.php(419): CodeIgniter\CodeIgniter->runController()
#7 /app/myapp/system/CodeIgniter.php(326): CodeIgniter\CodeIgniter->handleRequest()
#8 /app/myapp/public/index.php(37): CodeIgniter\CodeIgniter->run()
#9 {main}
CRITICAL - 2022-04-18 23:06:15 --> syntax error, unexpected '{'
#0 /app/myapp/system/Router/Router.php(175): CodeIgniter\Router\Router->autoRoute()
#1 /app/myapp/system/CodeIgniter.php(726): CodeIgniter\Router\Router->handle()
#2 /app/myapp/system/CodeIgniter.php(368): CodeIgniter\CodeIgniter->tryToRouteIt()
#3 /app/myapp/system/CodeIgniter.php(326): CodeIgniter\CodeIgniter->handleRequest()
#4 /app/myapp/public/index.php(37): CodeIgniter\CodeIgniter->run()
#5 {main}
CRITICAL - 2022-04-18 23:07:01 --> syntax error, unexpected '?>'
#0 /app/myapp/system/View/View.php(213): CodeIgniter\View\View->CodeIgniter\View\{closure}()
#1 /app/myapp/system/Common.php(1089): CodeIgniter\View\View->render()
#2 /app/myapp/app/Controllers/Home.php(22): view()
#3 /app/myapp/system/CodeIgniter.php(832): App\Controllers\Home->formulario()
#4 /app/myapp/system/CodeIgniter.php(419): CodeIgniter\CodeIgniter->runController()
#5 /app/myapp/system/CodeIgniter.php(326): CodeIgniter\CodeIgniter->handleRequest()
#6 /app/myapp/public/index.php(37): CodeIgniter\CodeIgniter->run()
#7 {main}
CRITICAL - 2022-04-18 23:07:12 --> Undefined variable: msg
#0 /app/myapp/app/Views/formView.php(15): CodeIgniter\Debug\Exceptions->errorHandler()
#1 /app/myapp/system/View/View.php(210): include('/app/myapp/app/...')
#2 /app/myapp/system/View/View.php(213): CodeIgniter\View\View->CodeIgniter\View\{closure}()
#3 /app/myapp/system/Common.php(1089): CodeIgniter\View\View->render()
#4 /app/myapp/app/Controllers/Home.php(22): view()
#5 /app/myapp/system/CodeIgniter.php(832): App\Controllers\Home->formulario()
#6 /app/myapp/system/CodeIgniter.php(419): CodeIgniter\CodeIgniter->runController()
#7 /app/myapp/system/CodeIgniter.php(326): CodeIgniter\CodeIgniter->handleRequest()
#8 /app/myapp/public/index.php(37): CodeIgniter\CodeIgniter->run()
#9 {main}
CRITICAL - 2022-04-18 23:17:22 --> syntax error, unexpected 'public' (T_PUBLIC), expecting end of file
#0 /app/myapp/system/Autoloader/Autoloader.php(241): CodeIgniter\Autoloader\Autoloader->includeFile()
#1 /app/myapp/system/Autoloader/Autoloader.php(219): CodeIgniter\Autoloader\Autoloader->loadInNamespace()
#2 [internal function]: CodeIgniter\Autoloader\Autoloader->loadClass()
#3 [internal function]: spl_autoload_call()
#4 /app/myapp/system/CodeIgniter.php(797): class_exists()
#5 /app/myapp/system/CodeIgniter.php(406): CodeIgniter\CodeIgniter->startController()
#6 /app/myapp/system/CodeIgniter.php(326): CodeIgniter\CodeIgniter->handleRequest()
#7 /app/myapp/public/index.php(37): CodeIgniter\CodeIgniter->run()
#8 {main}
CRITICAL - 2022-04-18 23:18:05 --> syntax error, unexpected 'return' (T_RETURN), expecting function (T_FUNCTION) or const (T_CONST)
#0 /app/myapp/system/Autoloader/Autoloader.php(241): CodeIgniter\Autoloader\Autoloader->includeFile()
#1 /app/myapp/system/Autoloader/Autoloader.php(219): CodeIgniter\Autoloader\Autoloader->loadInNamespace()
#2 [internal function]: CodeIgniter\Autoloader\Autoloader->loadClass()
#3 [internal function]: spl_autoload_call()
#4 /app/myapp/system/CodeIgniter.php(797): class_exists()
#5 /app/myapp/system/CodeIgniter.php(406): CodeIgniter\CodeIgniter->startController()
#6 /app/myapp/system/CodeIgniter.php(326): CodeIgniter\CodeIgniter->handleRequest()
#7 /app/myapp/public/index.php(37): CodeIgniter\CodeIgniter->run()
#8 {main}
CRITICAL - 2022-04-18 23:19:14 --> Undefined variable: reserva
#0 /app/myapp/app/Views/reserva/pagarReservaMinuto.php(6): CodeIgniter\Debug\Exceptions->errorHandler()
#1 /app/myapp/system/View/View.php(210): include('/app/myapp/app/...')
#2 /app/myapp/system/View/View.php(213): CodeIgniter\View\View->CodeIgniter\View\{closure}()
#3 /app/myapp/system/Common.php(1089): CodeIgniter\View\View->render()
#4 /app/myapp/app/Controllers/ReservaController.php(128): view()
#5 /app/myapp/system/CodeIgniter.php(832): App\Controllers\ReservaController->hora()
#6 /app/myapp/system/CodeIgniter.php(419): CodeIgniter\CodeIgniter->runController()
#7 /app/myapp/system/CodeIgniter.php(326): CodeIgniter\CodeIgniter->handleRequest()
#8 /app/myapp/public/index.php(37): CodeIgniter\CodeIgniter->run()
#9 {main}
CRITICAL - 2022-04-18 23:26:30 --> syntax error, unexpected 'session_start' (T_STRING), expecting ';' or '{'
#0 /app/myapp/system/Router/Router.php(175): CodeIgniter\Router\Router->autoRoute()
#1 /app/myapp/system/CodeIgniter.php(726): CodeIgniter\Router\Router->handle()
#2 /app/myapp/system/CodeIgniter.php(368): CodeIgniter\CodeIgniter->tryToRouteIt()
#3 /app/myapp/system/CodeIgniter.php(326): CodeIgniter\CodeIgniter->handleRequest()
#4 /app/myapp/public/index.php(37): CodeIgniter\CodeIgniter->run()
#5 {main}
CRITICAL - 2022-04-18 23:29:07 --> syntax error, unexpected end of file, expecting elseif (T_ELSEIF) or else (T_ELSE) or endif (T_ENDIF)
#0 /app/myapp/system/View/View.php(213): CodeIgniter\View\View->CodeIgniter\View\{closure}()
#1 /app/myapp/system/Common.php(1089): CodeIgniter\View\View->render()
#2 /app/myapp/app/Controllers/ReservaController.php(128): view()
#3 /app/myapp/system/CodeIgniter.php(832): App\Controllers\ReservaController->hora()
#4 /app/myapp/system/CodeIgniter.php(419): CodeIgniter\CodeIgniter->runController()
#5 /app/myapp/system/CodeIgniter.php(326): CodeIgniter\CodeIgniter->handleRequest()
#6 /app/myapp/public/index.php(37): CodeIgniter\CodeIgniter->run()
#7 {main}
CRITICAL - 2022-04-18 23:30:25 --> Undefined variable: reserva
#0 /app/myapp/app/Views/reserva/pagarReservaMinuto.php(5): CodeIgniter\Debug\Exceptions->errorHandler()
#1 /app/myapp/system/View/View.php(210): include('/app/myapp/app/...')
#2 /app/myapp/system/View/View.php(213): CodeIgniter\View\View->CodeIgniter\View\{closure}()
#3 /app/myapp/system/Common.php(1089): CodeIgniter\View\View->render()
#4 /app/myapp/app/Controllers/ReservaController.php(128): view()
#5 /app/myapp/system/CodeIgniter.php(832): App\Controllers\ReservaController->hora()
#6 /app/myapp/system/CodeIgniter.php(419): CodeIgniter\CodeIgniter->runController()
#7 /app/myapp/system/CodeIgniter.php(326): CodeIgniter\CodeIgniter->handleRequest()
#8 /app/myapp/public/index.php(37): CodeIgniter\CodeIgniter->run()
#9 {main}
CRITICAL - 2022-04-18 23:33:04 --> Undefined variable: reserva
#0 /app/myapp/app/Views/reserva/pagarReservaMinuto.php(5): CodeIgniter\Debug\Exceptions->errorHandler()
#1 /app/myapp/system/View/View.php(210): include('/app/myapp/app/...')
#2 /app/myapp/system/View/View.php(213): CodeIgniter\View\View->CodeIgniter\View\{closure}()
#3 /app/myapp/system/Common.php(1089): CodeIgniter\View\View->render()
#4 /app/myapp/app/Controllers/ReservaController.php(128): view()
#5 /app/myapp/system/CodeIgniter.php(832): App\Controllers\ReservaController->hora()
#6 /app/myapp/system/CodeIgniter.php(419): CodeIgniter\CodeIgniter->runController()
#7 /app/myapp/system/CodeIgniter.php(326): CodeIgniter\CodeIgniter->handleRequest()
#8 /app/myapp/public/index.php(37): CodeIgniter\CodeIgniter->run()
#9 {main}
CRITICAL - 2022-04-18 23:34:00 --> Undefined variable: reserva
#0 /app/myapp/app/Views/reserva/pagarReservaMinuto.php(5): CodeIgniter\Debug\Exceptions->errorHandler()
#1 /app/myapp/system/View/View.php(210): include('/app/myapp/app/...')
#2 /app/myapp/system/View/View.php(213): CodeIgniter\View\View->CodeIgniter\View\{closure}()
#3 /app/myapp/system/Common.php(1089): CodeIgniter\View\View->render()
#4 /app/myapp/app/Controllers/ReservaController.php(128): view()
#5 /app/myapp/system/CodeIgniter.php(832): App\Controllers\ReservaController->hora()
#6 /app/myapp/system/CodeIgniter.php(419): CodeIgniter\CodeIgniter->runController()
#7 /app/myapp/system/CodeIgniter.php(326): CodeIgniter\CodeIgniter->handleRequest()
#8 /app/myapp/public/index.php(37): CodeIgniter\CodeIgniter->run()
#9 {main}
CRITICAL - 2022-04-18 23:34:13 --> Undefined variable: reserva
#0 /app/myapp/app/Views/reserva/pagarReservaMinuto.php(5): CodeIgniter\Debug\Exceptions->errorHandler()
#1 /app/myapp/system/View/View.php(210): include('/app/myapp/app/...')
#2 /app/myapp/system/View/View.php(213): CodeIgniter\View\View->CodeIgniter\View\{closure}()
#3 /app/myapp/system/Common.php(1089): CodeIgniter\View\View->render()
#4 /app/myapp/app/Controllers/ReservaController.php(128): view()
#5 /app/myapp/system/CodeIgniter.php(832): App\Controllers\ReservaController->hora()
#6 /app/myapp/system/CodeIgniter.php(419): CodeIgniter\CodeIgniter->runController()
#7 /app/myapp/system/CodeIgniter.php(326): CodeIgniter\CodeIgniter->handleRequest()
#8 /app/myapp/public/index.php(37): CodeIgniter\CodeIgniter->run()
#9 {main}
CRITICAL - 2022-04-18 23:45:20 --> Undefined variable: reserva
#0 /app/myapp/app/Views/reserva/pagarReservaMinuto.php(6): CodeIgniter\Debug\Exceptions->errorHandler()
#1 /app/myapp/system/View/View.php(210): include('/app/myapp/app/...')
#2 /app/myapp/system/View/View.php(213): CodeIgniter\View\View->CodeIgniter\View\{closure}()
#3 /app/myapp/system/Common.php(1089): CodeIgniter\View\View->render()
#4 /app/myapp/app/Controllers/ReservaController.php(128): view()
#5 /app/myapp/system/CodeIgniter.php(832): App\Controllers\ReservaController->hora()
#6 /app/myapp/system/CodeIgniter.php(419): CodeIgniter\CodeIgniter->runController()
#7 /app/myapp/system/CodeIgniter.php(326): CodeIgniter\CodeIgniter->handleRequest()
#8 /app/myapp/public/index.php(37): CodeIgniter\CodeIgniter->run()
#9 {main}
CRITICAL - 2022-04-18 23:50:15 --> Undefined variable: registros
#0 /app/myapp/app/Views/reserva/pagarReservaMinuto.php(6): CodeIgniter\Debug\Exceptions->errorHandler()
#1 /app/myapp/system/View/View.php(210): include('/app/myapp/app/...')
#2 /app/myapp/system/View/View.php(213): CodeIgniter\View\View->CodeIgniter\View\{closure}()
#3 /app/myapp/system/Common.php(1089): CodeIgniter\View\View->render()
#4 /app/myapp/app/Controllers/ReservaController.php(128): view()
#5 /app/myapp/system/CodeIgniter.php(832): App\Controllers\ReservaController->hora()
#6 /app/myapp/system/CodeIgniter.php(419): CodeIgniter\CodeIgniter->runController()
#7 /app/myapp/system/CodeIgniter.php(326): CodeIgniter\CodeIgniter->handleRequest()
#8 /app/myapp/public/index.php(37): CodeIgniter\CodeIgniter->run()
#9 {main}
CRITICAL - 2022-04-18 23:51:35 --> Undefined variable: registros
#0 /app/myapp/app/Views/reserva/pagarReservaMinuto.php(6): CodeIgniter\Debug\Exceptions->errorHandler()
#1 /app/myapp/system/View/View.php(210): include('/app/myapp/app/...')
#2 /app/myapp/system/View/View.php(213): CodeIgniter\View\View->CodeIgniter\View\{closure}()
#3 /app/myapp/system/Common.php(1089): CodeIgniter\View\View->render()
#4 /app/myapp/app/Controllers/ReservaController.php(128): view()
#5 /app/myapp/system/CodeIgniter.php(832): App\Controllers\ReservaController->hora()
#6 /app/myapp/system/CodeIgniter.php(419): CodeIgniter\CodeIgniter->runController()
#7 /app/myapp/system/CodeIgniter.php(326): CodeIgniter\CodeIgniter->handleRequest()
#8 /app/myapp/public/index.php(37): CodeIgniter\CodeIgniter->run()
#9 {main}
CRITICAL - 2022-04-18 23:55:01 --> Undefined variable: registros
#0 /app/myapp/app/Views/reserva/pagarReservaMinuto.php(6): CodeIgniter\Debug\Exceptions->errorHandler()
#1 /app/myapp/system/View/View.php(210): include('/app/myapp/app/...')
#2 /app/myapp/system/View/View.php(213): CodeIgniter\View\View->CodeIgniter\View\{closure}()
#3 /app/myapp/system/Common.php(1089): CodeIgniter\View\View->render()
#4 /app/myapp/app/Controllers/ReservaController.php(128): view()
#5 /app/myapp/system/CodeIgniter.php(832): App\Controllers\ReservaController->hora()
#6 /app/myapp/system/CodeIgniter.php(419): CodeIgniter\CodeIgniter->runController()
#7 /app/myapp/system/CodeIgniter.php(326): CodeIgniter\CodeIgniter->handleRequest()
#8 /app/myapp/public/index.php(37): CodeIgniter\CodeIgniter->run()
#9 {main}
CRITICAL - 2022-04-18 23:55:09 --> Undefined variable: registros
#0 /app/myapp/app/Views/reserva/pagarReservaMinuto.php(6): CodeIgniter\Debug\Exceptions->errorHandler()
#1 /app/myapp/system/View/View.php(210): include('/app/myapp/app/...')
#2 /app/myapp/system/View/View.php(213): CodeIgniter\View\View->CodeIgniter\View\{closure}()
#3 /app/myapp/system/Common.php(1089): CodeIgniter\View\View->render()
#4 /app/myapp/app/Controllers/ReservaController.php(128): view()
#5 /app/myapp/system/CodeIgniter.php(832): App\Controllers\ReservaController->hora()
#6 /app/myapp/system/CodeIgniter.php(419): CodeIgniter\CodeIgniter->runController()
#7 /app/myapp/system/CodeIgniter.php(326): CodeIgniter\CodeIgniter->handleRequest()
#8 /app/myapp/public/index.php(37): CodeIgniter\CodeIgniter->run()
#9 {main}
