CRITICAL - 2022-04-10 17:51:47 --> Invalid file: reserva/ver.php
#0 /app/myapp/system/View/View.php(198): CodeIgniter\Exceptions\FrameworkException::forInvalidFile()
#1 /app/myapp/system/Common.php(1089): CodeIgniter\View\View->render()
#2 /app/myapp/app/Controllers/TarifaMinutoController.php(53): view()
#3 /app/myapp/system/CodeIgniter.php(832): App\Controllers\tarifaMinutoController->ver()
#4 /app/myapp/system/CodeIgniter.php(419): CodeIgniter\CodeIgniter->runController()
#5 /app/myapp/system/CodeIgniter.php(326): CodeIgniter\CodeIgniter->handleRequest()
#6 /app/myapp/public/index.php(37): CodeIgniter\CodeIgniter->run()
#7 {main}
CRITICAL - 2022-04-10 17:52:50 --> Invalid file: reserva/ver.php
#0 /app/myapp/system/View/View.php(198): CodeIgniter\Exceptions\FrameworkException::forInvalidFile()
#1 /app/myapp/system/Common.php(1089): CodeIgniter\View\View->render()
#2 /app/myapp/app/Controllers/TarifaMinutoController.php(53): view()
#3 /app/myapp/system/CodeIgniter.php(832): App\Controllers\tarifaMinutoController->ver()
#4 /app/myapp/system/CodeIgniter.php(419): CodeIgniter\CodeIgniter->runController()
#5 /app/myapp/system/CodeIgniter.php(326): CodeIgniter\CodeIgniter->handleRequest()
#6 /app/myapp/public/index.php(37): CodeIgniter\CodeIgniter->run()
#7 {main}
CRITICAL - 2022-04-10 17:58:45 --> Invalid file: reserva/reservaMinuto.php
#0 /app/myapp/system/View/View.php(198): CodeIgniter\Exceptions\FrameworkException::forInvalidFile()
#1 /app/myapp/system/Common.php(1089): CodeIgniter\View\View->render()
#2 /app/myapp/app/Controllers/TarifaMinutoController.php(53): view()
#3 /app/myapp/system/CodeIgniter.php(832): App\Controllers\TarifaMinutoController->ver()
#4 /app/myapp/system/CodeIgniter.php(419): CodeIgniter\CodeIgniter->runController()
#5 /app/myapp/system/CodeIgniter.php(326): CodeIgniter\CodeIgniter->handleRequest()
#6 /app/myapp/public/index.php(37): CodeIgniter\CodeIgniter->run()
#7 {main}
CRITICAL - 2022-04-10 19:59:35 --> Invalid file: reserva/reservaMinuto.php
#0 /app/myapp/system/View/View.php(198): CodeIgniter\Exceptions\FrameworkException::forInvalidFile()
#1 /app/myapp/system/Common.php(1089): CodeIgniter\View\View->render()
#2 /app/myapp/app/Controllers/TarifaMinutoController.php(53): view()
#3 /app/myapp/system/CodeIgniter.php(832): App\Controllers\TarifaMinutoController->ver()
#4 /app/myapp/system/CodeIgniter.php(419): CodeIgniter\CodeIgniter->runController()
#5 /app/myapp/system/CodeIgniter.php(326): CodeIgniter\CodeIgniter->handleRequest()
#6 /app/myapp/public/index.php(37): CodeIgniter\CodeIgniter->run()
#7 {main}
CRITICAL - 2022-04-10 20:05:18 --> Undefined variable: concierto
#0 /app/myapp/app/Views/reserva/tarifaMinuto.php(16): CodeIgniter\Debug\Exceptions->errorHandler()
#1 /app/myapp/system/View/View.php(210): include('/app/myapp/app/...')
#2 /app/myapp/system/View/View.php(213): CodeIgniter\View\View->CodeIgniter\View\{closure}()
#3 /app/myapp/system/Common.php(1089): CodeIgniter\View\View->render()
#4 /app/myapp/app/Controllers/TarifaMinutoController.php(53): view()
#5 /app/myapp/system/CodeIgniter.php(832): App\Controllers\TarifaMinutoController->ver()
#6 /app/myapp/system/CodeIgniter.php(419): CodeIgniter\CodeIgniter->runController()
#7 /app/myapp/system/CodeIgniter.php(326): CodeIgniter\CodeIgniter->handleRequest()
#8 /app/myapp/public/index.php(37): CodeIgniter\CodeIgniter->run()
#9 {main}
CRITICAL - 2022-04-10 20:05:44 --> Undefined variable: concierto
#0 /app/myapp/app/Views/reserva/tarifaMinuto.php(16): CodeIgniter\Debug\Exceptions->errorHandler()
#1 /app/myapp/system/View/View.php(210): include('/app/myapp/app/...')
#2 /app/myapp/system/View/View.php(213): CodeIgniter\View\View->CodeIgniter\View\{closure}()
#3 /app/myapp/system/Common.php(1089): CodeIgniter\View\View->render()
#4 /app/myapp/app/Controllers/TarifaMinutoController.php(53): view()
#5 /app/myapp/system/CodeIgniter.php(832): App\Controllers\TarifaMinutoController->ver()
#6 /app/myapp/system/CodeIgniter.php(419): CodeIgniter\CodeIgniter->runController()
#7 /app/myapp/system/CodeIgniter.php(326): CodeIgniter\CodeIgniter->handleRequest()
#8 /app/myapp/public/index.php(37): CodeIgniter\CodeIgniter->run()
#9 {main}
CRITICAL - 2022-04-10 20:06:08 --> Undefined variable: concierto
#0 /app/myapp/app/Views/reserva/tarifaMinuto.php(16): CodeIgniter\Debug\Exceptions->errorHandler()
#1 /app/myapp/system/View/View.php(210): include('/app/myapp/app/...')
#2 /app/myapp/system/View/View.php(213): CodeIgniter\View\View->CodeIgniter\View\{closure}()
#3 /app/myapp/system/Common.php(1089): CodeIgniter\View\View->render()
#4 /app/myapp/app/Controllers/TarifaMinutoController.php(53): view()
#5 /app/myapp/system/CodeIgniter.php(832): App\Controllers\TarifaMinutoController->ver()
#6 /app/myapp/system/CodeIgniter.php(419): CodeIgniter\CodeIgniter->runController()
#7 /app/myapp/system/CodeIgniter.php(326): CodeIgniter\CodeIgniter->handleRequest()
#8 /app/myapp/public/index.php(37): CodeIgniter\CodeIgniter->run()
#9 {main}
