CRITICAL - 2022-03-30 21:28:35 --> syntax error, unexpected '(', expecting variable (T_VARIABLE)
#0 /app/myapp/system/Autoloader/Autoloader.php(241): CodeIgniter\Autoloader\Autoloader->includeFile()
#1 /app/myapp/system/Autoloader/Autoloader.php(219): CodeIgniter\Autoloader\Autoloader->loadInNamespace()
#2 [internal function]: CodeIgniter\Autoloader\Autoloader->loadClass()
#3 /app/myapp/app/Controllers/ConciertoCrud.php(24): spl_autoload_call()
#4 /app/myapp/app/Controllers/ConciertoCrud.php(76): App\Controllers\ConciertoCrud->recuperaConcierto()
#5 /app/myapp/system/CodeIgniter.php(832): App\Controllers\ConciertoCrud->eliminar01Formulario()
#6 /app/myapp/system/CodeIgniter.php(419): CodeIgniter\CodeIgniter->runController()
#7 /app/myapp/system/CodeIgniter.php(326): CodeIgniter\CodeIgniter->handleRequest()
#8 /app/myapp/public/index.php(37): CodeIgniter\CodeIgniter->run()
#9 {main}
CRITICAL - 2022-03-30 21:29:09 --> syntax error, unexpected '(', expecting variable (T_VARIABLE)
#0 /app/myapp/system/Autoloader/Autoloader.php(241): CodeIgniter\Autoloader\Autoloader->includeFile()
#1 /app/myapp/system/Autoloader/Autoloader.php(219): CodeIgniter\Autoloader\Autoloader->loadInNamespace()
#2 [internal function]: CodeIgniter\Autoloader\Autoloader->loadClass()
#3 /app/myapp/app/Controllers/ConciertoCrud.php(24): spl_autoload_call()
#4 /app/myapp/app/Controllers/ConciertoCrud.php(76): App\Controllers\ConciertoCrud->recuperaConcierto()
#5 /app/myapp/system/CodeIgniter.php(832): App\Controllers\ConciertoCrud->eliminar01Formulario()
#6 /app/myapp/system/CodeIgniter.php(419): CodeIgniter\CodeIgniter->runController()
#7 /app/myapp/system/CodeIgniter.php(326): CodeIgniter\CodeIgniter->handleRequest()
#8 /app/myapp/public/index.php(37): CodeIgniter\CodeIgniter->run()
#9 {main}
CRITICAL - 2022-03-30 21:33:18 --> syntax error, unexpected '$this' (T_VARIABLE)
#0 /app/myapp/system/Autoloader/Autoloader.php(241): CodeIgniter\Autoloader\Autoloader->includeFile()
#1 /app/myapp/system/Autoloader/Autoloader.php(219): CodeIgniter\Autoloader\Autoloader->loadInNamespace()
#2 [internal function]: CodeIgniter\Autoloader\Autoloader->loadClass()
#3 /app/myapp/app/Controllers/ConciertoCrud.php(24): spl_autoload_call()
#4 /app/myapp/app/Controllers/ConciertoCrud.php(76): App\Controllers\ConciertoCrud->recuperaConcierto()
#5 /app/myapp/system/CodeIgniter.php(832): App\Controllers\ConciertoCrud->eliminar01Formulario()
#6 /app/myapp/system/CodeIgniter.php(419): CodeIgniter\CodeIgniter->runController()
#7 /app/myapp/system/CodeIgniter.php(326): CodeIgniter\CodeIgniter->handleRequest()
#8 /app/myapp/public/index.php(37): CodeIgniter\CodeIgniter->run()
#9 {main}
CRITICAL - 2022-03-30 21:33:52 --> syntax error, unexpected '(', expecting variable (T_VARIABLE)
#0 /app/myapp/system/Autoloader/Autoloader.php(241): CodeIgniter\Autoloader\Autoloader->includeFile()
#1 /app/myapp/system/Autoloader/Autoloader.php(219): CodeIgniter\Autoloader\Autoloader->loadInNamespace()
#2 [internal function]: CodeIgniter\Autoloader\Autoloader->loadClass()
#3 /app/myapp/app/Controllers/ConciertoCrud.php(24): spl_autoload_call()
#4 /app/myapp/app/Controllers/ConciertoCrud.php(76): App\Controllers\ConciertoCrud->recuperaConcierto()
#5 /app/myapp/system/CodeIgniter.php(832): App\Controllers\ConciertoCrud->eliminar01Formulario()
#6 /app/myapp/system/CodeIgniter.php(419): CodeIgniter\CodeIgniter->runController()
#7 /app/myapp/system/CodeIgniter.php(326): CodeIgniter\CodeIgniter->handleRequest()
#8 /app/myapp/public/index.php(37): CodeIgniter\CodeIgniter->run()
#9 {main}
CRITICAL - 2022-03-30 21:37:03 --> Call to undefined method App\Models\ConciertoModel::actualizar
#0 /app/myapp/app/Controllers/ConciertoCrud.php(70): CodeIgniter\Model->__call()
#1 /app/myapp/system/CodeIgniter.php(832): App\Controllers\ConciertoCrud->editar02Continuar()
#2 /app/myapp/system/CodeIgniter.php(419): CodeIgniter\CodeIgniter->runController()
#3 /app/myapp/system/CodeIgniter.php(326): CodeIgniter\CodeIgniter->handleRequest()
#4 /app/myapp/public/index.php(37): CodeIgniter\CodeIgniter->run()
#5 {main}
ERROR - 2022-03-30 21:37:43 --> You have an error in your SQL syntax; check the manual that corresponds to your MariaDB server version for the right syntax to use near 'wgere concierto_id =NULL' at line 1
ERROR - 2022-03-30 21:37:57 --> You have an error in your SQL syntax; check the manual that corresponds to your MariaDB server version for the right syntax to use near 'wgere concierto_id =NULL' at line 1
ERROR - 2022-03-30 21:38:20 --> You have an error in your SQL syntax; check the manual that corresponds to your MariaDB server version for the right syntax to use near 'wgere concierto_id =NULL' at line 1
ERROR - 2022-03-30 21:38:41 --> You have an error in your SQL syntax; check the manual that corresponds to your MariaDB server version for the right syntax to use near 'wgere concierto_id =NULL' at line 1
CRITICAL - 2022-03-30 21:44:23 --> syntax error, unexpected '>'
#0 /app/myapp/system/Autoloader/Autoloader.php(241): CodeIgniter\Autoloader\Autoloader->includeFile()
#1 /app/myapp/system/Autoloader/Autoloader.php(219): CodeIgniter\Autoloader\Autoloader->loadInNamespace()
#2 [internal function]: CodeIgniter\Autoloader\Autoloader->loadClass()
#3 /app/myapp/app/Controllers/ConciertoCrud.php(24): spl_autoload_call()
#4 /app/myapp/app/Controllers/ConciertoCrud.php(56): App\Controllers\ConciertoCrud->recuperaConcierto()
#5 /app/myapp/system/CodeIgniter.php(832): App\Controllers\ConciertoCrud->editar01Formulario()
#6 /app/myapp/system/CodeIgniter.php(419): CodeIgniter\CodeIgniter->runController()
#7 /app/myapp/system/CodeIgniter.php(326): CodeIgniter\CodeIgniter->handleRequest()
#8 /app/myapp/public/index.php(37): CodeIgniter\CodeIgniter->run()
#9 {main}
CRITICAL - 2022-03-30 21:44:26 --> syntax error, unexpected '>'
#0 /app/myapp/system/Autoloader/Autoloader.php(241): CodeIgniter\Autoloader\Autoloader->includeFile()
#1 /app/myapp/system/Autoloader/Autoloader.php(219): CodeIgniter\Autoloader\Autoloader->loadInNamespace()
#2 [internal function]: CodeIgniter\Autoloader\Autoloader->loadClass()
#3 /app/myapp/app/Controllers/ConciertoCrud.php(24): spl_autoload_call()
#4 /app/myapp/app/Controllers/ConciertoCrud.php(56): App\Controllers\ConciertoCrud->recuperaConcierto()
#5 /app/myapp/system/CodeIgniter.php(832): App\Controllers\ConciertoCrud->editar01Formulario()
#6 /app/myapp/system/CodeIgniter.php(419): CodeIgniter\CodeIgniter->runController()
#7 /app/myapp/system/CodeIgniter.php(326): CodeIgniter\CodeIgniter->handleRequest()
#8 /app/myapp/public/index.php(37): CodeIgniter\CodeIgniter->run()
#9 {main}
CRITICAL - 2022-03-30 21:45:27 --> syntax error, unexpected '>'
#0 /app/myapp/system/Autoloader/Autoloader.php(241): CodeIgniter\Autoloader\Autoloader->includeFile()
#1 /app/myapp/system/Autoloader/Autoloader.php(219): CodeIgniter\Autoloader\Autoloader->loadInNamespace()
#2 [internal function]: CodeIgniter\Autoloader\Autoloader->loadClass()
#3 /app/myapp/app/Controllers/ConciertoCrud.php(24): spl_autoload_call()
#4 /app/myapp/app/Controllers/ConciertoCrud.php(56): App\Controllers\ConciertoCrud->recuperaConcierto()
#5 /app/myapp/system/CodeIgniter.php(832): App\Controllers\ConciertoCrud->editar01Formulario()
#6 /app/myapp/system/CodeIgniter.php(419): CodeIgniter\CodeIgniter->runController()
#7 /app/myapp/system/CodeIgniter.php(326): CodeIgniter\CodeIgniter->handleRequest()
#8 /app/myapp/public/index.php(37): CodeIgniter\CodeIgniter->run()
#9 {main}
CRITICAL - 2022-03-30 21:46:17 --> syntax error, unexpected '>'
#0 /app/myapp/system/Autoloader/Autoloader.php(241): CodeIgniter\Autoloader\Autoloader->includeFile()
#1 /app/myapp/system/Autoloader/Autoloader.php(219): CodeIgniter\Autoloader\Autoloader->loadInNamespace()
#2 [internal function]: CodeIgniter\Autoloader\Autoloader->loadClass()
#3 /app/myapp/app/Controllers/ConciertoCrud.php(24): spl_autoload_call()
#4 /app/myapp/app/Controllers/ConciertoCrud.php(56): App\Controllers\ConciertoCrud->recuperaConcierto()
#5 /app/myapp/system/CodeIgniter.php(832): App\Controllers\ConciertoCrud->editar01Formulario()
#6 /app/myapp/system/CodeIgniter.php(419): CodeIgniter\CodeIgniter->runController()
#7 /app/myapp/system/CodeIgniter.php(326): CodeIgniter\CodeIgniter->handleRequest()
#8 /app/myapp/public/index.php(37): CodeIgniter\CodeIgniter->run()
#9 {main}
ERROR - 2022-03-30 21:47:23 --> You have an error in your SQL syntax; check the manual that corresponds to your MariaDB server version for the right syntax to use near ':nombre, concierto_ubicacion=:ubicacion where concierto_id =:id' at line 1
CRITICAL - 2022-03-30 21:55:06 --> syntax error, unexpected '->' (T_OBJECT_OPERATOR)
#0 /app/myapp/system/Autoloader/Autoloader.php(241): CodeIgniter\Autoloader\Autoloader->includeFile()
#1 /app/myapp/system/Autoloader/Autoloader.php(219): CodeIgniter\Autoloader\Autoloader->loadInNamespace()
#2 [internal function]: CodeIgniter\Autoloader\Autoloader->loadClass()
#3 /app/myapp/app/Controllers/ConciertoCrud.php(24): spl_autoload_call()
#4 /app/myapp/app/Controllers/ConciertoCrud.php(56): App\Controllers\ConciertoCrud->recuperaConcierto()
#5 /app/myapp/system/CodeIgniter.php(832): App\Controllers\ConciertoCrud->editar01Formulario()
#6 /app/myapp/system/CodeIgniter.php(419): CodeIgniter\CodeIgniter->runController()
#7 /app/myapp/system/CodeIgniter.php(326): CodeIgniter\CodeIgniter->handleRequest()
#8 /app/myapp/public/index.php(37): CodeIgniter\CodeIgniter->run()
#9 {main}
CRITICAL - 2022-03-30 21:55:39 --> syntax error, unexpected '->' (T_OBJECT_OPERATOR)
#0 /app/myapp/system/Autoloader/Autoloader.php(241): CodeIgniter\Autoloader\Autoloader->includeFile()
#1 /app/myapp/system/Autoloader/Autoloader.php(219): CodeIgniter\Autoloader\Autoloader->loadInNamespace()
#2 [internal function]: CodeIgniter\Autoloader\Autoloader->loadClass()
#3 /app/myapp/app/Controllers/ConciertoCrud.php(24): spl_autoload_call()
#4 /app/myapp/app/Controllers/ConciertoCrud.php(56): App\Controllers\ConciertoCrud->recuperaConcierto()
#5 /app/myapp/system/CodeIgniter.php(832): App\Controllers\ConciertoCrud->editar01Formulario()
#6 /app/myapp/system/CodeIgniter.php(419): CodeIgniter\CodeIgniter->runController()
#7 /app/myapp/system/CodeIgniter.php(326): CodeIgniter\CodeIgniter->handleRequest()
#8 /app/myapp/public/index.php(37): CodeIgniter\CodeIgniter->run()
#9 {main}
CRITICAL - 2022-03-30 21:55:52 --> syntax error, unexpected '->' (T_OBJECT_OPERATOR)
#0 /app/myapp/system/Autoloader/Autoloader.php(241): CodeIgniter\Autoloader\Autoloader->includeFile()
#1 /app/myapp/system/Autoloader/Autoloader.php(219): CodeIgniter\Autoloader\Autoloader->loadInNamespace()
#2 [internal function]: CodeIgniter\Autoloader\Autoloader->loadClass()
#3 /app/myapp/app/Controllers/ConciertoCrud.php(68): spl_autoload_call()
#4 /app/myapp/system/CodeIgniter.php(832): App\Controllers\ConciertoCrud->editar02Continuar()
#5 /app/myapp/system/CodeIgniter.php(419): CodeIgniter\CodeIgniter->runController()
#6 /app/myapp/system/CodeIgniter.php(326): CodeIgniter\CodeIgniter->handleRequest()
#7 /app/myapp/public/index.php(37): CodeIgniter\CodeIgniter->run()
#8 {main}
CRITICAL - 2022-03-30 21:59:11 --> syntax error, unexpected '->' (T_OBJECT_OPERATOR)
#0 /app/myapp/system/Autoloader/Autoloader.php(241): CodeIgniter\Autoloader\Autoloader->includeFile()
#1 /app/myapp/system/Autoloader/Autoloader.php(219): CodeIgniter\Autoloader\Autoloader->loadInNamespace()
#2 [internal function]: CodeIgniter\Autoloader\Autoloader->loadClass()
#3 /app/myapp/app/Controllers/ConciertoCrud.php(68): spl_autoload_call()
#4 /app/myapp/system/CodeIgniter.php(832): App\Controllers\ConciertoCrud->editar02Continuar()
#5 /app/myapp/system/CodeIgniter.php(419): CodeIgniter\CodeIgniter->runController()
#6 /app/myapp/system/CodeIgniter.php(326): CodeIgniter\CodeIgniter->handleRequest()
#7 /app/myapp/public/index.php(37): CodeIgniter\CodeIgniter->run()
#8 {main}
CRITICAL - 2022-03-30 21:59:26 --> syntax error, unexpected '->' (T_OBJECT_OPERATOR)
#0 /app/myapp/system/Autoloader/Autoloader.php(241): CodeIgniter\Autoloader\Autoloader->includeFile()
#1 /app/myapp/system/Autoloader/Autoloader.php(219): CodeIgniter\Autoloader\Autoloader->loadInNamespace()
#2 [internal function]: CodeIgniter\Autoloader\Autoloader->loadClass()
#3 /app/myapp/app/Controllers/ConciertoCrud.php(68): spl_autoload_call()
#4 /app/myapp/system/CodeIgniter.php(832): App\Controllers\ConciertoCrud->editar02Continuar()
#5 /app/myapp/system/CodeIgniter.php(419): CodeIgniter\CodeIgniter->runController()
#6 /app/myapp/system/CodeIgniter.php(326): CodeIgniter\CodeIgniter->handleRequest()
#7 /app/myapp/public/index.php(37): CodeIgniter\CodeIgniter->run()
#8 {main}
CRITICAL - 2022-03-30 22:00:15 --> syntax error, unexpected '->' (T_OBJECT_OPERATOR)
#0 /app/myapp/system/Autoloader/Autoloader.php(241): CodeIgniter\Autoloader\Autoloader->includeFile()
#1 /app/myapp/system/Autoloader/Autoloader.php(219): CodeIgniter\Autoloader\Autoloader->loadInNamespace()
#2 [internal function]: CodeIgniter\Autoloader\Autoloader->loadClass()
#3 /app/myapp/app/Controllers/ConciertoCrud.php(68): spl_autoload_call()
#4 /app/myapp/system/CodeIgniter.php(832): App\Controllers\ConciertoCrud->editar02Continuar()
#5 /app/myapp/system/CodeIgniter.php(419): CodeIgniter\CodeIgniter->runController()
#6 /app/myapp/system/CodeIgniter.php(326): CodeIgniter\CodeIgniter->handleRequest()
#7 /app/myapp/public/index.php(37): CodeIgniter\CodeIgniter->run()
#8 {main}
CRITICAL - 2022-03-30 22:09:17 --> syntax error, unexpected ''concierto_id'' (T_CONSTANT_ENCAPSED_STRING), expecting ']'
#0 /app/myapp/system/Autoloader/Autoloader.php(241): CodeIgniter\Autoloader\Autoloader->includeFile()
#1 /app/myapp/system/Autoloader/Autoloader.php(219): CodeIgniter\Autoloader\Autoloader->loadInNamespace()
#2 [internal function]: CodeIgniter\Autoloader\Autoloader->loadClass()
#3 /app/myapp/app/Controllers/ConciertoCrud.php(24): spl_autoload_call()
#4 /app/myapp/app/Controllers/ConciertoCrud.php(56): App\Controllers\ConciertoCrud->recuperaConcierto()
#5 /app/myapp/system/CodeIgniter.php(832): App\Controllers\ConciertoCrud->editar01Formulario()
#6 /app/myapp/system/CodeIgniter.php(419): CodeIgniter\CodeIgniter->runController()
#7 /app/myapp/system/CodeIgniter.php(326): CodeIgniter\CodeIgniter->handleRequest()
#8 /app/myapp/public/index.php(37): CodeIgniter\CodeIgniter->run()
#9 {main}
CRITICAL - 2022-03-30 22:09:38 --> There is no data to update.
#0 /app/myapp/system/BaseModel.php(1574): CodeIgniter\Database\Exceptions\DataException::forEmptyDataset()
#1 /app/myapp/system/BaseModel.php(832): CodeIgniter\BaseModel->transformDataToArray()
#2 /app/myapp/system/Model.php(651): CodeIgniter\BaseModel->update()
#3 /app/myapp/app/Models/ConciertoModel.php(61): CodeIgniter\Model->update()
#4 /app/myapp/app/Controllers/ConciertoCrud.php(71): App\Models\ConciertoModel->actualziar()
#5 /app/myapp/system/CodeIgniter.php(832): App\Controllers\ConciertoCrud->editar02Continuar()
#6 /app/myapp/system/CodeIgniter.php(419): CodeIgniter\CodeIgniter->runController()
#7 /app/myapp/system/CodeIgniter.php(326): CodeIgniter\CodeIgniter->handleRequest()
#8 /app/myapp/public/index.php(37): CodeIgniter\CodeIgniter->run()
#9 {main}
CRITICAL - 2022-03-30 22:10:39 --> There is no data to update.
#0 /app/myapp/system/BaseModel.php(1574): CodeIgniter\Database\Exceptions\DataException::forEmptyDataset()
#1 /app/myapp/system/BaseModel.php(832): CodeIgniter\BaseModel->transformDataToArray()
#2 /app/myapp/system/Model.php(651): CodeIgniter\BaseModel->update()
#3 /app/myapp/app/Models/ConciertoModel.php(61): CodeIgniter\Model->update()
#4 /app/myapp/app/Controllers/ConciertoCrud.php(71): App\Models\ConciertoModel->actualziar()
#5 /app/myapp/system/CodeIgniter.php(832): App\Controllers\ConciertoCrud->editar02Continuar()
#6 /app/myapp/system/CodeIgniter.php(419): CodeIgniter\CodeIgniter->runController()
#7 /app/myapp/system/CodeIgniter.php(326): CodeIgniter\CodeIgniter->handleRequest()
#8 /app/myapp/public/index.php(37): CodeIgniter\CodeIgniter->run()
#9 {main}
CRITICAL - 2022-03-30 22:23:34 --> syntax error, unexpected '->' (T_OBJECT_OPERATOR)
#0 /app/myapp/system/Autoloader/Autoloader.php(241): CodeIgniter\Autoloader\Autoloader->includeFile()
#1 /app/myapp/system/Autoloader/Autoloader.php(219): CodeIgniter\Autoloader\Autoloader->loadInNamespace()
#2 [internal function]: CodeIgniter\Autoloader\Autoloader->loadClass()
#3 /app/myapp/app/Controllers/ConciertoCrud.php(24): spl_autoload_call()
#4 /app/myapp/app/Controllers/ConciertoCrud.php(33): App\Controllers\ConciertoCrud->recuperaConcierto()
#5 /app/myapp/system/CodeIgniter.php(832): App\Controllers\ConciertoCrud->ver()
#6 /app/myapp/system/CodeIgniter.php(419): CodeIgniter\CodeIgniter->runController()
#7 /app/myapp/system/CodeIgniter.php(326): CodeIgniter\CodeIgniter->handleRequest()
#8 /app/myapp/public/index.php(37): CodeIgniter\CodeIgniter->run()
#9 {main}
CRITICAL - 2022-03-30 22:23:50 --> syntax error, unexpected '->' (T_OBJECT_OPERATOR)
#0 /app/myapp/system/Autoloader/Autoloader.php(241): CodeIgniter\Autoloader\Autoloader->includeFile()
#1 /app/myapp/system/Autoloader/Autoloader.php(219): CodeIgniter\Autoloader\Autoloader->loadInNamespace()
#2 [internal function]: CodeIgniter\Autoloader\Autoloader->loadClass()
#3 /app/myapp/app/Controllers/ConciertoCrud.php(24): spl_autoload_call()
#4 /app/myapp/app/Controllers/ConciertoCrud.php(33): App\Controllers\ConciertoCrud->recuperaConcierto()
#5 /app/myapp/system/CodeIgniter.php(832): App\Controllers\ConciertoCrud->ver()
#6 /app/myapp/system/CodeIgniter.php(419): CodeIgniter\CodeIgniter->runController()
#7 /app/myapp/system/CodeIgniter.php(326): CodeIgniter\CodeIgniter->handleRequest()
#8 /app/myapp/public/index.php(37): CodeIgniter\CodeIgniter->run()
#9 {main}
CRITICAL - 2022-03-30 22:23:52 --> syntax error, unexpected '->' (T_OBJECT_OPERATOR)
#0 /app/myapp/system/Autoloader/Autoloader.php(241): CodeIgniter\Autoloader\Autoloader->includeFile()
#1 /app/myapp/system/Autoloader/Autoloader.php(219): CodeIgniter\Autoloader\Autoloader->loadInNamespace()
#2 [internal function]: CodeIgniter\Autoloader\Autoloader->loadClass()
#3 /app/myapp/app/Controllers/ConciertoCrud.php(24): spl_autoload_call()
#4 /app/myapp/app/Controllers/ConciertoCrud.php(33): App\Controllers\ConciertoCrud->recuperaConcierto()
#5 /app/myapp/system/CodeIgniter.php(832): App\Controllers\ConciertoCrud->ver()
#6 /app/myapp/system/CodeIgniter.php(419): CodeIgniter\CodeIgniter->runController()
#7 /app/myapp/system/CodeIgniter.php(326): CodeIgniter\CodeIgniter->handleRequest()
#8 /app/myapp/public/index.php(37): CodeIgniter\CodeIgniter->run()
#9 {main}
CRITICAL - 2022-03-30 22:23:52 --> syntax error, unexpected '->' (T_OBJECT_OPERATOR)
#0 /app/myapp/system/Autoloader/Autoloader.php(241): CodeIgniter\Autoloader\Autoloader->includeFile()
#1 /app/myapp/system/Autoloader/Autoloader.php(219): CodeIgniter\Autoloader\Autoloader->loadInNamespace()
#2 [internal function]: CodeIgniter\Autoloader\Autoloader->loadClass()
#3 /app/myapp/app/Controllers/ConciertoCrud.php(24): spl_autoload_call()
#4 /app/myapp/app/Controllers/ConciertoCrud.php(33): App\Controllers\ConciertoCrud->recuperaConcierto()
#5 /app/myapp/system/CodeIgniter.php(832): App\Controllers\ConciertoCrud->ver()
#6 /app/myapp/system/CodeIgniter.php(419): CodeIgniter\CodeIgniter->runController()
#7 /app/myapp/system/CodeIgniter.php(326): CodeIgniter\CodeIgniter->handleRequest()
#8 /app/myapp/public/index.php(37): CodeIgniter\CodeIgniter->run()
#9 {main}
CRITICAL - 2022-03-30 22:27:46 --> syntax error, unexpected ''ASC);' (T_ENCAPSED_AND_WHITESPACE), expecting ')'
#0 /app/myapp/system/Autoloader/Autoloader.php(241): CodeIgniter\Autoloader\Autoloader->includeFile()
#1 /app/myapp/system/Autoloader/Autoloader.php(219): CodeIgniter\Autoloader\Autoloader->loadInNamespace()
#2 [internal function]: CodeIgniter\Autoloader\Autoloader->loadClass()
#3 /app/myapp/app/Controllers/ConciertoCrud.php(13): spl_autoload_call()
#4 /app/myapp/system/CodeIgniter.php(832): App\Controllers\ConciertoCrud->index()
#5 /app/myapp/system/CodeIgniter.php(419): CodeIgniter\CodeIgniter->runController()
#6 /app/myapp/system/CodeIgniter.php(326): CodeIgniter\CodeIgniter->handleRequest()
#7 /app/myapp/public/index.php(37): CodeIgniter\CodeIgniter->run()
#8 {main}
CRITICAL - 2022-03-30 22:28:05 --> Undefined property: mysqli::$id
#0 /app/myapp/app/Views/concierto/lista.php(34): CodeIgniter\Debug\Exceptions->errorHandler()
#1 /app/myapp/system/View/View.php(210): include('/app/myapp/app/...')
#2 /app/myapp/system/View/View.php(213): CodeIgniter\View\View->CodeIgniter\View\{closure}()
#3 /app/myapp/system/Common.php(1089): CodeIgniter\View\View->render()
#4 /app/myapp/app/Controllers/ConciertoCrud.php(21): view()
#5 /app/myapp/system/CodeIgniter.php(832): App\Controllers\ConciertoCrud->index()
#6 /app/myapp/system/CodeIgniter.php(419): CodeIgniter\CodeIgniter->runController()
#7 /app/myapp/system/CodeIgniter.php(326): CodeIgniter\CodeIgniter->handleRequest()
#8 /app/myapp/public/index.php(37): CodeIgniter\CodeIgniter->run()
#9 {main}
CRITICAL - 2022-03-30 22:31:45 --> Call to undefined function App\Models\log_error()
#0 /app/myapp/app/Controllers/ConciertoCrud.php(16): App\Models\ConciertoModel->soloConA()
#1 /app/myapp/system/CodeIgniter.php(832): App\Controllers\ConciertoCrud->index()
#2 /app/myapp/system/CodeIgniter.php(419): CodeIgniter\CodeIgniter->runController()
#3 /app/myapp/system/CodeIgniter.php(326): CodeIgniter\CodeIgniter->handleRequest()
#4 /app/myapp/public/index.php(37): CodeIgniter\CodeIgniter->run()
#5 {main}
CRITICAL - 2022-03-30 22:32:28 --> error_log() expects parameter 1 to be string, object given
#0 [internal function]: CodeIgniter\Debug\Exceptions->errorHandler()
#1 /app/myapp/app/Models/ConciertoModel.php(72): error_log()
#2 /app/myapp/app/Controllers/ConciertoCrud.php(16): App\Models\ConciertoModel->soloConA()
#3 /app/myapp/system/CodeIgniter.php(832): App\Controllers\ConciertoCrud->index()
#4 /app/myapp/system/CodeIgniter.php(419): CodeIgniter\CodeIgniter->runController()
#5 /app/myapp/system/CodeIgniter.php(326): CodeIgniter\CodeIgniter->handleRequest()
#6 /app/myapp/public/index.php(37): CodeIgniter\CodeIgniter->run()
#7 {main}
CRITICAL - 2022-03-30 22:37:05 --> Class 'Concierto' not found
#0 [internal function]: CodeIgniter\Debug\Exceptions->shutdownHandler()
#1 {main}
