CRITICAL - 2022-04-06 13:13:27 --> mysqli_connect(): php_network_getaddresses: getaddrinfo failed: Name or service not known
#0 [internal function]: CodeIgniter\Debug\Exceptions->errorHandler()
#1 /app/myapp/app/Views/base/lista.php(18): mysqli_connect()
#2 /app/myapp/system/View/View.php(210): include('/app/myapp/app/...')
#3 /app/myapp/system/View/View.php(213): CodeIgniter\View\View->CodeIgniter\View\{closure}()
#4 /app/myapp/system/Common.php(1089): CodeIgniter\View\View->render()
#5 /app/myapp/app/Controllers/NavegarBaseController.php(8): view()
#6 /app/myapp/system/CodeIgniter.php(832): App\Controllers\NavegarBaseController->index()
#7 /app/myapp/system/CodeIgniter.php(419): CodeIgniter\CodeIgniter->runController()
#8 /app/myapp/system/CodeIgniter.php(326): CodeIgniter\CodeIgniter->handleRequest()
#9 /app/myapp/public/index.php(37): CodeIgniter\CodeIgniter->run()
#10 {main}
CRITICAL - 2022-04-06 13:15:29 --> mysqli_connect(): php_network_getaddresses: getaddrinfo failed: Name or service not known
#0 [internal function]: CodeIgniter\Debug\Exceptions->errorHandler()
#1 /app/myapp/app/Views/base/lista.php(18): mysqli_connect()
#2 /app/myapp/system/View/View.php(210): include('/app/myapp/app/...')
#3 /app/myapp/system/View/View.php(213): CodeIgniter\View\View->CodeIgniter\View\{closure}()
#4 /app/myapp/system/Common.php(1089): CodeIgniter\View\View->render()
#5 /app/myapp/app/Controllers/NavegarBaseController.php(8): view()
#6 /app/myapp/system/CodeIgniter.php(832): App\Controllers\NavegarBaseController->index()
#7 /app/myapp/system/CodeIgniter.php(419): CodeIgniter\CodeIgniter->runController()
#8 /app/myapp/system/CodeIgniter.php(326): CodeIgniter\CodeIgniter->handleRequest()
#9 /app/myapp/public/index.php(37): CodeIgniter\CodeIgniter->run()
#10 {main}
CRITICAL - 2022-04-06 13:15:53 --> mysqli_connect(): (HY000/1045): Access denied for user 'tesis'@'172.22.0.3' (using password: YES)
#0 [internal function]: CodeIgniter\Debug\Exceptions->errorHandler()
#1 /app/myapp/app/Views/base/lista.php(18): mysqli_connect()
#2 /app/myapp/system/View/View.php(210): include('/app/myapp/app/...')
#3 /app/myapp/system/View/View.php(213): CodeIgniter\View\View->CodeIgniter\View\{closure}()
#4 /app/myapp/system/Common.php(1089): CodeIgniter\View\View->render()
#5 /app/myapp/app/Controllers/NavegarBaseController.php(8): view()
#6 /app/myapp/system/CodeIgniter.php(832): App\Controllers\NavegarBaseController->index()
#7 /app/myapp/system/CodeIgniter.php(419): CodeIgniter\CodeIgniter->runController()
#8 /app/myapp/system/CodeIgniter.php(326): CodeIgniter\CodeIgniter->handleRequest()
#9 /app/myapp/public/index.php(37): CodeIgniter\CodeIgniter->run()
#10 {main}
ERROR - 2022-04-06 13:17:24 --> Table 'bitnami_myapp.conciertos' doesn't exist
CRITICAL - 2022-04-06 13:17:24 --> Call to a member function getResult() on bool
#0 /app/myapp/system/BaseModel.php(584): CodeIgniter\Model->doFindAll()
#1 /app/myapp/app/Models/ConciertoModel.php(64): CodeIgniter\BaseModel->findAll()
#2 /app/myapp/app/Controllers/ConciertoCrud.php(15): App\Models\ConciertoModel->todEs()
#3 /app/myapp/system/CodeIgniter.php(832): App\Controllers\ConciertoCrud->index()
#4 /app/myapp/system/CodeIgniter.php(419): CodeIgniter\CodeIgniter->runController()
#5 /app/myapp/system/CodeIgniter.php(326): CodeIgniter\CodeIgniter->handleRequest()
#6 /app/myapp/public/index.php(37): CodeIgniter\CodeIgniter->run()
#7 {main}
ERROR - 2022-04-06 13:17:41 --> Table 'bitnami_myapp.usuarios' doesn't exist
CRITICAL - 2022-04-06 13:17:41 --> Call to a member function getResult() on bool
#0 /app/myapp/system/BaseModel.php(584): CodeIgniter\Model->doFindAll()
#1 /app/myapp/app/Models/UsuarioModel.php(31): CodeIgniter\BaseModel->findAll()
#2 /app/myapp/app/Controllers/LoginLogOutController.php(21): App\Models\UsuarioModel->todos()
#3 /app/myapp/system/CodeIgniter.php(832): App\Controllers\LoginLogOutController->login01Formulario()
#4 /app/myapp/system/CodeIgniter.php(419): CodeIgniter\CodeIgniter->runController()
#5 /app/myapp/system/CodeIgniter.php(326): CodeIgniter\CodeIgniter->handleRequest()
#6 /app/myapp/public/index.php(37): CodeIgniter\CodeIgniter->run()
#7 {main}
CRITICAL - 2022-04-06 21:01:24 --> mysqli_connect(): php_network_getaddresses: getaddrinfo failed: Name or service not known
#0 [internal function]: CodeIgniter\Debug\Exceptions->errorHandler()
#1 /app/myapp/app/Views/base/lista.php(18): mysqli_connect()
#2 /app/myapp/system/View/View.php(210): include('/app/myapp/app/...')
#3 /app/myapp/system/View/View.php(213): CodeIgniter\View\View->CodeIgniter\View\{closure}()
#4 /app/myapp/system/Common.php(1089): CodeIgniter\View\View->render()
#5 /app/myapp/app/Controllers/NavegarBaseController.php(8): view()
#6 /app/myapp/system/CodeIgniter.php(832): App\Controllers\NavegarBaseController->index()
#7 /app/myapp/system/CodeIgniter.php(419): CodeIgniter\CodeIgniter->runController()
#8 /app/myapp/system/CodeIgniter.php(326): CodeIgniter\CodeIgniter->handleRequest()
#9 /app/myapp/public/index.php(37): CodeIgniter\CodeIgniter->run()
#10 {main}
CRITICAL - 2022-04-06 21:05:57 --> mysqli_connect(): php_network_getaddresses: getaddrinfo failed: Name or service not known
#0 [internal function]: CodeIgniter\Debug\Exceptions->errorHandler()
#1 /app/myapp/app/Views/base/lista.php(18): mysqli_connect()
#2 /app/myapp/system/View/View.php(210): include('/app/myapp/app/...')
#3 /app/myapp/system/View/View.php(213): CodeIgniter\View\View->CodeIgniter\View\{closure}()
#4 /app/myapp/system/Common.php(1089): CodeIgniter\View\View->render()
#5 /app/myapp/app/Controllers/NavegarBaseController.php(8): view()
#6 /app/myapp/system/CodeIgniter.php(832): App\Controllers\NavegarBaseController->index()
#7 /app/myapp/system/CodeIgniter.php(419): CodeIgniter\CodeIgniter->runController()
#8 /app/myapp/system/CodeIgniter.php(326): CodeIgniter\CodeIgniter->handleRequest()
#9 /app/myapp/public/index.php(37): CodeIgniter\CodeIgniter->run()
#10 {main}
CRITICAL - 2022-04-06 21:09:12 --> mysqli_connect(): php_network_getaddresses: getaddrinfo failed: Name or service not known
#0 [internal function]: CodeIgniter\Debug\Exceptions->errorHandler()
#1 /app/myapp/app/Views/base/lista.php(18): mysqli_connect()
#2 /app/myapp/system/View/View.php(210): include('/app/myapp/app/...')
#3 /app/myapp/system/View/View.php(213): CodeIgniter\View\View->CodeIgniter\View\{closure}()
#4 /app/myapp/system/Common.php(1089): CodeIgniter\View\View->render()
#5 /app/myapp/app/Controllers/NavegarBaseController.php(8): view()
#6 /app/myapp/system/CodeIgniter.php(832): App\Controllers\NavegarBaseController->index()
#7 /app/myapp/system/CodeIgniter.php(419): CodeIgniter\CodeIgniter->runController()
#8 /app/myapp/system/CodeIgniter.php(326): CodeIgniter\CodeIgniter->handleRequest()
#9 /app/myapp/public/index.php(37): CodeIgniter\CodeIgniter->run()
#10 {main}
ERROR - 2022-04-06 21:09:52 --> Error connecting to the database: php_network_getaddresses: getaddrinfo failed: Name or service not known
CRITICAL - 2022-04-06 21:09:52 --> Unable to connect to the database.
Main connection [MySQLi]: php_network_getaddresses: getaddrinfo failed: Name or service not known
#0 /app/myapp/system/Database/BaseConnection.php(577): CodeIgniter\Database\BaseConnection->initialize()
#1 /app/myapp/system/Database/BaseBuilder.php(1455): CodeIgniter\Database\BaseConnection->query()
#2 /app/myapp/system/Model.php(183): CodeIgniter\Database\BaseBuilder->get()
#3 /app/myapp/system/BaseModel.php(584): CodeIgniter\Model->doFindAll()
#4 /app/myapp/app/Models/ConciertoModel.php(64): CodeIgniter\BaseModel->findAll()
#5 /app/myapp/app/Controllers/ConciertoCrud.php(15): App\Models\ConciertoModel->todEs()
#6 /app/myapp/system/CodeIgniter.php(832): App\Controllers\ConciertoCrud->index()
#7 /app/myapp/system/CodeIgniter.php(419): CodeIgniter\CodeIgniter->runController()
#8 /app/myapp/system/CodeIgniter.php(326): CodeIgniter\CodeIgniter->handleRequest()
#9 /app/myapp/public/index.php(37): CodeIgniter\CodeIgniter->run()
#10 {main}
ERROR - 2022-04-06 21:11:56 --> Error connecting to the database: php_network_getaddresses: getaddrinfo failed: Name or service not known
CRITICAL - 2022-04-06 21:11:56 --> Unable to connect to the database.
Main connection [MySQLi]: php_network_getaddresses: getaddrinfo failed: Name or service not known
#0 /app/myapp/system/Database/BaseConnection.php(577): CodeIgniter\Database\BaseConnection->initialize()
#1 /app/myapp/system/Database/BaseBuilder.php(1455): CodeIgniter\Database\BaseConnection->query()
#2 /app/myapp/system/Model.php(183): CodeIgniter\Database\BaseBuilder->get()
#3 /app/myapp/system/BaseModel.php(584): CodeIgniter\Model->doFindAll()
#4 /app/myapp/app/Models/UsuarioModel.php(31): CodeIgniter\BaseModel->findAll()
#5 /app/myapp/app/Controllers/LoginLogOutController.php(21): App\Models\UsuarioModel->todos()
#6 /app/myapp/system/CodeIgniter.php(832): App\Controllers\LoginLogOutController->login01Formulario()
#7 /app/myapp/system/CodeIgniter.php(419): CodeIgniter\CodeIgniter->runController()
#8 /app/myapp/system/CodeIgniter.php(326): CodeIgniter\CodeIgniter->handleRequest()
#9 /app/myapp/public/index.php(37): CodeIgniter\CodeIgniter->run()
#10 {main}
ERROR - 2022-04-06 21:12:27 --> Error connecting to the database: php_network_getaddresses: getaddrinfo failed: Name or service not known
CRITICAL - 2022-04-06 21:12:27 --> Unable to connect to the database.
Main connection [MySQLi]: php_network_getaddresses: getaddrinfo failed: Name or service not known
#0 /app/myapp/system/Database/BaseConnection.php(577): CodeIgniter\Database\BaseConnection->initialize()
#1 /app/myapp/system/Database/BaseBuilder.php(1455): CodeIgniter\Database\BaseConnection->query()
#2 /app/myapp/system/Model.php(183): CodeIgniter\Database\BaseBuilder->get()
#3 /app/myapp/system/BaseModel.php(584): CodeIgniter\Model->doFindAll()
#4 /app/myapp/app/Models/ConciertoModel.php(64): CodeIgniter\BaseModel->findAll()
#5 /app/myapp/app/Controllers/ConciertoCrud.php(15): App\Models\ConciertoModel->todEs()
#6 /app/myapp/system/CodeIgniter.php(832): App\Controllers\ConciertoCrud->index()
#7 /app/myapp/system/CodeIgniter.php(419): CodeIgniter\CodeIgniter->runController()
#8 /app/myapp/system/CodeIgniter.php(326): CodeIgniter\CodeIgniter->handleRequest()
#9 /app/myapp/public/index.php(37): CodeIgniter\CodeIgniter->run()
#10 {main}
ERROR - 2022-04-06 21:15:26 --> Error connecting to the database: php_network_getaddresses: getaddrinfo failed: Name or service not known
CRITICAL - 2022-04-06 21:15:26 --> Unable to connect to the database.
Main connection [MySQLi]: php_network_getaddresses: getaddrinfo failed: Name or service not known
#0 /app/myapp/system/Database/BaseConnection.php(577): CodeIgniter\Database\BaseConnection->initialize()
#1 /app/myapp/system/Database/BaseBuilder.php(1455): CodeIgniter\Database\BaseConnection->query()
#2 /app/myapp/system/Model.php(183): CodeIgniter\Database\BaseBuilder->get()
#3 /app/myapp/system/BaseModel.php(584): CodeIgniter\Model->doFindAll()
#4 /app/myapp/app/Models/ConciertoModel.php(64): CodeIgniter\BaseModel->findAll()
#5 /app/myapp/app/Controllers/ConciertoCrud.php(15): App\Models\ConciertoModel->todEs()
#6 /app/myapp/system/CodeIgniter.php(832): App\Controllers\ConciertoCrud->index()
#7 /app/myapp/system/CodeIgniter.php(419): CodeIgniter\CodeIgniter->runController()
#8 /app/myapp/system/CodeIgniter.php(326): CodeIgniter\CodeIgniter->handleRequest()
#9 /app/myapp/public/index.php(37): CodeIgniter\CodeIgniter->run()
#10 {main}
ERROR - 2022-04-06 21:15:36 --> Error connecting to the database: php_network_getaddresses: getaddrinfo failed: Name or service not known
CRITICAL - 2022-04-06 21:15:36 --> Unable to connect to the database.
Main connection [MySQLi]: php_network_getaddresses: getaddrinfo failed: Name or service not known
#0 /app/myapp/system/Database/BaseConnection.php(577): CodeIgniter\Database\BaseConnection->initialize()
#1 /app/myapp/system/Database/BaseBuilder.php(1455): CodeIgniter\Database\BaseConnection->query()
#2 /app/myapp/system/Model.php(183): CodeIgniter\Database\BaseBuilder->get()
#3 /app/myapp/system/BaseModel.php(584): CodeIgniter\Model->doFindAll()
#4 /app/myapp/app/Models/ConciertoModel.php(64): CodeIgniter\BaseModel->findAll()
#5 /app/myapp/app/Controllers/ConciertoCrud.php(15): App\Models\ConciertoModel->todEs()
#6 /app/myapp/system/CodeIgniter.php(832): App\Controllers\ConciertoCrud->index()
#7 /app/myapp/system/CodeIgniter.php(419): CodeIgniter\CodeIgniter->runController()
#8 /app/myapp/system/CodeIgniter.php(326): CodeIgniter\CodeIgniter->handleRequest()
#9 /app/myapp/public/index.php(37): CodeIgniter\CodeIgniter->run()
#10 {main}
ERROR - 2022-04-06 21:16:59 --> Error connecting to the database: php_network_getaddresses: getaddrinfo failed: Name or service not known
CRITICAL - 2022-04-06 21:16:59 --> Unable to connect to the database.
Main connection [MySQLi]: php_network_getaddresses: getaddrinfo failed: Name or service not known
#0 /app/myapp/system/Database/BaseConnection.php(577): CodeIgniter\Database\BaseConnection->initialize()
#1 /app/myapp/system/Database/BaseBuilder.php(1455): CodeIgniter\Database\BaseConnection->query()
#2 /app/myapp/system/Model.php(183): CodeIgniter\Database\BaseBuilder->get()
#3 /app/myapp/system/BaseModel.php(584): CodeIgniter\Model->doFindAll()
#4 /app/myapp/app/Models/ConciertoModel.php(64): CodeIgniter\BaseModel->findAll()
#5 /app/myapp/app/Controllers/ConciertoCrud.php(15): App\Models\ConciertoModel->todEs()
#6 /app/myapp/system/CodeIgniter.php(832): App\Controllers\ConciertoCrud->index()
#7 /app/myapp/system/CodeIgniter.php(419): CodeIgniter\CodeIgniter->runController()
#8 /app/myapp/system/CodeIgniter.php(326): CodeIgniter\CodeIgniter->handleRequest()
#9 /app/myapp/public/index.php(37): CodeIgniter\CodeIgniter->run()
#10 {main}
ERROR - 2022-04-06 21:17:55 --> Error connecting to the database: php_network_getaddresses: getaddrinfo failed: Name or service not known
CRITICAL - 2022-04-06 21:17:55 --> Unable to connect to the database.
Main connection [MySQLi]: php_network_getaddresses: getaddrinfo failed: Name or service not known
#0 /app/myapp/system/Database/BaseConnection.php(577): CodeIgniter\Database\BaseConnection->initialize()
#1 /app/myapp/system/Database/BaseBuilder.php(1455): CodeIgniter\Database\BaseConnection->query()
#2 /app/myapp/system/Model.php(183): CodeIgniter\Database\BaseBuilder->get()
#3 /app/myapp/system/BaseModel.php(584): CodeIgniter\Model->doFindAll()
#4 /app/myapp/app/Models/ConciertoModel.php(64): CodeIgniter\BaseModel->findAll()
#5 /app/myapp/app/Controllers/ConciertoCrud.php(15): App\Models\ConciertoModel->todEs()
#6 /app/myapp/system/CodeIgniter.php(832): App\Controllers\ConciertoCrud->index()
#7 /app/myapp/system/CodeIgniter.php(419): CodeIgniter\CodeIgniter->runController()
#8 /app/myapp/system/CodeIgniter.php(326): CodeIgniter\CodeIgniter->handleRequest()
#9 /app/myapp/public/index.php(37): CodeIgniter\CodeIgniter->run()
#10 {main}
ERROR - 2022-04-06 21:23:31 --> Error connecting to the database: php_network_getaddresses: getaddrinfo failed: Name or service not known
CRITICAL - 2022-04-06 21:23:31 --> Unable to connect to the database.
Main connection [MySQLi]: php_network_getaddresses: getaddrinfo failed: Name or service not known
#0 /app/myapp/system/Database/BaseConnection.php(577): CodeIgniter\Database\BaseConnection->initialize()
#1 /app/myapp/system/Database/BaseBuilder.php(1455): CodeIgniter\Database\BaseConnection->query()
#2 /app/myapp/system/Model.php(183): CodeIgniter\Database\BaseBuilder->get()
#3 /app/myapp/system/BaseModel.php(584): CodeIgniter\Model->doFindAll()
#4 /app/myapp/app/Models/ConciertoModel.php(64): CodeIgniter\BaseModel->findAll()
#5 /app/myapp/app/Controllers/ConciertoCrud.php(15): App\Models\ConciertoModel->todEs()
#6 /app/myapp/system/CodeIgniter.php(832): App\Controllers\ConciertoCrud->index()
#7 /app/myapp/system/CodeIgniter.php(419): CodeIgniter\CodeIgniter->runController()
#8 /app/myapp/system/CodeIgniter.php(326): CodeIgniter\CodeIgniter->handleRequest()
#9 /app/myapp/public/index.php(37): CodeIgniter\CodeIgniter->run()
#10 {main}
CRITICAL - 2022-04-06 21:27:27 --> Call to undefined function mysql_connect()
#0 /app/myapp/system/View/View.php(210): include()
#1 /app/myapp/system/View/View.php(213): CodeIgniter\View\View->CodeIgniter\View\{closure}()
#2 /app/myapp/system/Common.php(1089): CodeIgniter\View\View->render()
#3 /app/myapp/app/Controllers/NavegarBaseController.php(8): view()
#4 /app/myapp/system/CodeIgniter.php(832): App\Controllers\NavegarBaseController->index()
#5 /app/myapp/system/CodeIgniter.php(419): CodeIgniter\CodeIgniter->runController()
#6 /app/myapp/system/CodeIgniter.php(326): CodeIgniter\CodeIgniter->handleRequest()
#7 /app/myapp/public/index.php(37): CodeIgniter\CodeIgniter->run()
#8 {main}
CRITICAL - 2022-04-06 21:28:07 --> Call to undefined function mysql_connect()
#0 /app/myapp/system/View/View.php(210): include()
#1 /app/myapp/system/View/View.php(213): CodeIgniter\View\View->CodeIgniter\View\{closure}()
#2 /app/myapp/system/Common.php(1089): CodeIgniter\View\View->render()
#3 /app/myapp/app/Controllers/NavegarBaseController.php(8): view()
#4 /app/myapp/system/CodeIgniter.php(832): App\Controllers\NavegarBaseController->index()
#5 /app/myapp/system/CodeIgniter.php(419): CodeIgniter\CodeIgniter->runController()
#6 /app/myapp/system/CodeIgniter.php(326): CodeIgniter\CodeIgniter->handleRequest()
#7 /app/myapp/public/index.php(37): CodeIgniter\CodeIgniter->run()
#8 {main}
CRITICAL - 2022-04-06 21:29:06 --> Call to undefined function mysql_connect()
#0 /app/myapp/system/View/View.php(210): include()
#1 /app/myapp/system/View/View.php(213): CodeIgniter\View\View->CodeIgniter\View\{closure}()
#2 /app/myapp/system/Common.php(1089): CodeIgniter\View\View->render()
#3 /app/myapp/app/Controllers/NavegarBaseController.php(8): view()
#4 /app/myapp/system/CodeIgniter.php(832): App\Controllers\NavegarBaseController->index()
#5 /app/myapp/system/CodeIgniter.php(419): CodeIgniter\CodeIgniter->runController()
#6 /app/myapp/system/CodeIgniter.php(326): CodeIgniter\CodeIgniter->handleRequest()
#7 /app/myapp/public/index.php(37): CodeIgniter\CodeIgniter->run()
#8 {main}
ERROR - 2022-04-06 21:31:18 --> Error connecting to the database: php_network_getaddresses: getaddrinfo failed: Name or service not known
CRITICAL - 2022-04-06 21:31:18 --> Unable to connect to the database.
Main connection [MySQLi]: php_network_getaddresses: getaddrinfo failed: Name or service not known
#0 /app/myapp/system/Database/BaseConnection.php(577): CodeIgniter\Database\BaseConnection->initialize()
#1 /app/myapp/system/Database/BaseBuilder.php(1455): CodeIgniter\Database\BaseConnection->query()
#2 /app/myapp/system/Model.php(183): CodeIgniter\Database\BaseBuilder->get()
#3 /app/myapp/system/BaseModel.php(584): CodeIgniter\Model->doFindAll()
#4 /app/myapp/app/Models/ConciertoModel.php(64): CodeIgniter\BaseModel->findAll()
#5 /app/myapp/app/Controllers/ConciertoCrud.php(15): App\Models\ConciertoModel->todEs()
#6 /app/myapp/system/CodeIgniter.php(832): App\Controllers\ConciertoCrud->index()
#7 /app/myapp/system/CodeIgniter.php(419): CodeIgniter\CodeIgniter->runController()
#8 /app/myapp/system/CodeIgniter.php(326): CodeIgniter\CodeIgniter->handleRequest()
#9 /app/myapp/public/index.php(37): CodeIgniter\CodeIgniter->run()
#10 {main}
CRITICAL - 2022-04-06 21:35:02 --> mysqli_connect(): (HY000/2002): Connection refused
#0 [internal function]: CodeIgniter\Debug\Exceptions->errorHandler()
#1 /app/myapp/app/Views/base/lista.php(18): mysqli_connect()
#2 /app/myapp/system/View/View.php(210): include('/app/myapp/app/...')
#3 /app/myapp/system/View/View.php(213): CodeIgniter\View\View->CodeIgniter\View\{closure}()
#4 /app/myapp/system/Common.php(1089): CodeIgniter\View\View->render()
#5 /app/myapp/app/Controllers/NavegarBaseController.php(8): view()
#6 /app/myapp/system/CodeIgniter.php(832): App\Controllers\NavegarBaseController->index()
#7 /app/myapp/system/CodeIgniter.php(419): CodeIgniter\CodeIgniter->runController()
#8 /app/myapp/system/CodeIgniter.php(326): CodeIgniter\CodeIgniter->handleRequest()
#9 /app/myapp/public/index.php(37): CodeIgniter\CodeIgniter->run()
#10 {main}
CRITICAL - 2022-04-06 21:37:48 --> mysqli_connect(): (HY000/1049): Unknown database 'estaciona'
#0 [internal function]: CodeIgniter\Debug\Exceptions->errorHandler()
#1 /app/myapp/app/Views/base/lista.php(18): mysqli_connect()
#2 /app/myapp/system/View/View.php(210): include('/app/myapp/app/...')
#3 /app/myapp/system/View/View.php(213): CodeIgniter\View\View->CodeIgniter\View\{closure}()
#4 /app/myapp/system/Common.php(1089): CodeIgniter\View\View->render()
#5 /app/myapp/app/Controllers/NavegarBaseController.php(8): view()
#6 /app/myapp/system/CodeIgniter.php(832): App\Controllers\NavegarBaseController->index()
#7 /app/myapp/system/CodeIgniter.php(419): CodeIgniter\CodeIgniter->runController()
#8 /app/myapp/system/CodeIgniter.php(326): CodeIgniter\CodeIgniter->handleRequest()
#9 /app/myapp/public/index.php(37): CodeIgniter\CodeIgniter->run()
#10 {main}
CRITICAL - 2022-04-06 21:38:07 --> mysqli_connect(): (HY000/1049): Unknown database 'estaciona'
#0 [internal function]: CodeIgniter\Debug\Exceptions->errorHandler()
#1 /app/myapp/app/Views/base/lista.php(18): mysqli_connect()
#2 /app/myapp/system/View/View.php(210): include('/app/myapp/app/...')
#3 /app/myapp/system/View/View.php(213): CodeIgniter\View\View->CodeIgniter\View\{closure}()
#4 /app/myapp/system/Common.php(1089): CodeIgniter\View\View->render()
#5 /app/myapp/app/Controllers/NavegarBaseController.php(8): view()
#6 /app/myapp/system/CodeIgniter.php(832): App\Controllers\NavegarBaseController->index()
#7 /app/myapp/system/CodeIgniter.php(419): CodeIgniter\CodeIgniter->runController()
#8 /app/myapp/system/CodeIgniter.php(326): CodeIgniter\CodeIgniter->handleRequest()
#9 /app/myapp/public/index.php(37): CodeIgniter\CodeIgniter->run()
#10 {main}
ERROR - 2022-04-06 21:41:29 --> Table 'estaciona.usuarios' doesn't exist
CRITICAL - 2022-04-06 21:41:29 --> Call to a member function getResult() on bool
#0 /app/myapp/system/BaseModel.php(584): CodeIgniter\Model->doFindAll()
#1 /app/myapp/app/Models/UsuarioModel.php(31): CodeIgniter\BaseModel->findAll()
#2 /app/myapp/app/Controllers/LoginLogOutController.php(21): App\Models\UsuarioModel->todos()
#3 /app/myapp/system/CodeIgniter.php(832): App\Controllers\LoginLogOutController->login01Formulario()
#4 /app/myapp/system/CodeIgniter.php(419): CodeIgniter\CodeIgniter->runController()
#5 /app/myapp/system/CodeIgniter.php(326): CodeIgniter\CodeIgniter->handleRequest()
#6 /app/myapp/public/index.php(37): CodeIgniter\CodeIgniter->run()
#7 {main}
