CRITICAL - 2022-04-25 18:00:49 --> Undefined variable: data
#0 /app/myapp/app/Controllers/LoginLogOutController.php(23): CodeIgniter\Debug\Exceptions->errorHandler()
#1 /app/myapp/system/CodeIgniter.php(832): App\Controllers\LoginLogOutController->login01Formulario()
#2 /app/myapp/system/CodeIgniter.php(419): CodeIgniter\CodeIgniter->runController()
#3 /app/myapp/system/CodeIgniter.php(326): CodeIgniter\CodeIgniter->handleRequest()
#4 /app/myapp/public/index.php(37): CodeIgniter\CodeIgniter->run()
#5 {main}
CRITICAL - 2022-04-25 18:01:23 --> Call to undefined method App\Models\UsuarioModel::usuarioPorCorreo
#0 /app/myapp/app/Controllers/LoginLogOutController.php(42): CodeIgniter\Model->__call()
#1 /app/myapp/system/CodeIgniter.php(832): App\Controllers\LoginLogOutController->login02Validar()
#2 /app/myapp/system/CodeIgniter.php(419): CodeIgniter\CodeIgniter->runController()
#3 /app/myapp/system/CodeIgniter.php(326): CodeIgniter\CodeIgniter->handleRequest()
#4 /app/myapp/public/index.php(37): CodeIgniter\CodeIgniter->run()
#5 {main}
ERROR - 2022-04-25 18:04:08 --> Unknown column 'usuario_clave' in 'where clause'
CRITICAL - 2022-04-25 18:04:08 --> Call to a member function getCustomResultObject() on bool
#0 /app/myapp/app/Controllers/LoginLogOutController.php(42): App\Models\UsuarioModel->usuarioPorCorreo()
#1 /app/myapp/system/CodeIgniter.php(832): App\Controllers\LoginLogOutController->login02Validar()
#2 /app/myapp/system/CodeIgniter.php(419): CodeIgniter\CodeIgniter->runController()
#3 /app/myapp/system/CodeIgniter.php(326): CodeIgniter\CodeIgniter->handleRequest()
#4 /app/myapp/public/index.php(37): CodeIgniter\CodeIgniter->run()
#5 {main}
ERROR - 2022-04-25 18:05:31 --> Unknown column 'usuario_clave' in 'where clause'
CRITICAL - 2022-04-25 18:05:31 --> Call to a member function getCustomResultObject() on bool
#0 /app/myapp/app/Controllers/LoginLogOutController.php(42): App\Models\UsuarioModel->usuarioPorCorreo()
#1 /app/myapp/system/CodeIgniter.php(832): App\Controllers\LoginLogOutController->login02Validar()
#2 /app/myapp/system/CodeIgniter.php(419): CodeIgniter\CodeIgniter->runController()
#3 /app/myapp/system/CodeIgniter.php(326): CodeIgniter\CodeIgniter->handleRequest()
#4 /app/myapp/public/index.php(37): CodeIgniter\CodeIgniter->run()
#5 {main}
