CRITICAL - 2022-05-02 20:47:58 --> View themes, no current section.
#0 /app/myapp/app/Views/reserva/publicarEstacionamiento.php(63): CodeIgniter\View\View->endSection()
#1 /app/myapp/system/View/View.php(210): include('/app/myapp/app/...')
#2 /app/myapp/system/View/View.php(213): CodeIgniter\View\View->CodeIgniter\View\{closure}()
#3 /app/myapp/system/Common.php(1089): CodeIgniter\View\View->render()
#4 /app/myapp/app/Controllers/PublicarEstacionamientoController.php(37): view()
#5 /app/myapp/system/CodeIgniter.php(832): App\Controllers\PublicarEstacionamientoController->index()
#6 /app/myapp/system/CodeIgniter.php(419): CodeIgniter\CodeIgniter->runController()
#7 /app/myapp/system/CodeIgniter.php(326): CodeIgniter\CodeIgniter->handleRequest()
#8 /app/myapp/public/index.php(37): CodeIgniter\CodeIgniter->run()
#9 {main}
CRITICAL - 2022-05-02 21:04:27 --> Undefined index: el_correo
#0 /app/myapp/app/Controllers/LoginLogOutController.php(99): CodeIgniter\Debug\Exceptions->errorHandler()
#1 /app/myapp/system/CodeIgniter.php(832): App\Controllers\LoginLogOutController->login03Validar()
#2 /app/myapp/system/CodeIgniter.php(419): CodeIgniter\CodeIgniter->runController()
#3 /app/myapp/system/CodeIgniter.php(326): CodeIgniter\CodeIgniter->handleRequest()
#4 /app/myapp/public/index.php(37): CodeIgniter\CodeIgniter->run()
#5 {main}
CRITICAL - 2022-05-02 21:07:27 --> Undefined index: el_correo
#0 /app/myapp/app/Controllers/LoginLogOutController.php(99): CodeIgniter\Debug\Exceptions->errorHandler()
#1 /app/myapp/system/CodeIgniter.php(832): App\Controllers\LoginLogOutController->login03Validar()
#2 /app/myapp/system/CodeIgniter.php(419): CodeIgniter\CodeIgniter->runController()
#3 /app/myapp/system/CodeIgniter.php(326): CodeIgniter\CodeIgniter->handleRequest()
#4 /app/myapp/public/index.php(37): CodeIgniter\CodeIgniter->run()
#5 {main}
ERROR - 2022-05-02 21:39:16 --> Unknown column 'estacionamiento_codigo' in 'order clause'
CRITICAL - 2022-05-02 21:39:16 --> Call to a member function getCustomResultObject() on bool
#0 /app/myapp/app/Controllers/PublicarEstacionamientoController.php(32): App\Models\PublicarEstacionamientoModel->soloConA()
#1 /app/myapp/system/CodeIgniter.php(832): App\Controllers\PublicarEstacionamientoController->index()
#2 /app/myapp/system/CodeIgniter.php(419): CodeIgniter\CodeIgniter->runController()
#3 /app/myapp/system/CodeIgniter.php(326): CodeIgniter\CodeIgniter->handleRequest()
#4 /app/myapp/public/index.php(37): CodeIgniter\CodeIgniter->run()
#5 {main}
ERROR - 2022-05-02 21:41:48 --> Unknown column 'estacionamiento_codigo' in 'order clause'
CRITICAL - 2022-05-02 21:41:48 --> Call to a member function getCustomResultObject() on bool
#0 /app/myapp/app/Controllers/PublicarEstacionamientoController.php(32): App\Models\PublicarEstacionamientoModel->soloConA()
#1 /app/myapp/system/CodeIgniter.php(832): App\Controllers\PublicarEstacionamientoController->index()
#2 /app/myapp/system/CodeIgniter.php(419): CodeIgniter\CodeIgniter->runController()
#3 /app/myapp/system/CodeIgniter.php(326): CodeIgniter\CodeIgniter->handleRequest()
#4 /app/myapp/public/index.php(37): CodeIgniter\CodeIgniter->run()
#5 {main}
