CRITICAL - 2022-04-13 12:59:44 --> syntax error, unexpected '<', expecting elseif (T_ELSEIF) or else (T_ELSE) or endif (T_ENDIF)
#0 /app/myapp/system/View/View.php(213): CodeIgniter\View\View->CodeIgniter\View\{closure}()
#1 /app/myapp/system/Common.php(1089): CodeIgniter\View\View->render()
#2 /app/myapp/app/Controllers/TarifaMinutoController.php(56): view()
#3 /app/myapp/system/CodeIgniter.php(832): App\Controllers\TarifaMinutoController->ver()
#4 /app/myapp/system/CodeIgniter.php(419): CodeIgniter\CodeIgniter->runController()
#5 /app/myapp/system/CodeIgniter.php(326): CodeIgniter\CodeIgniter->handleRequest()
#6 /app/myapp/public/index.php(37): CodeIgniter\CodeIgniter->run()
#7 {main}
CRITICAL - 2022-04-13 13:05:01 --> syntax error, unexpected '>', expecting elseif (T_ELSEIF) or else (T_ELSE) or endif (T_ENDIF)
#0 /app/myapp/system/View/View.php(213): CodeIgniter\View\View->CodeIgniter\View\{closure}()
#1 /app/myapp/system/Common.php(1089): CodeIgniter\View\View->render()
#2 /app/myapp/app/Controllers/TarifaMinutoController.php(56): view()
#3 /app/myapp/system/CodeIgniter.php(832): App\Controllers\TarifaMinutoController->ver()
#4 /app/myapp/system/CodeIgniter.php(419): CodeIgniter\CodeIgniter->runController()
#5 /app/myapp/system/CodeIgniter.php(326): CodeIgniter\CodeIgniter->handleRequest()
#6 /app/myapp/public/index.php(37): CodeIgniter\CodeIgniter->run()
#7 {main}
CRITICAL - 2022-04-13 13:05:29 --> syntax error, unexpected '>', expecting elseif (T_ELSEIF) or else (T_ELSE) or endif (T_ENDIF)
#0 /app/myapp/system/View/View.php(213): CodeIgniter\View\View->CodeIgniter\View\{closure}()
#1 /app/myapp/system/Common.php(1089): CodeIgniter\View\View->render()
#2 /app/myapp/app/Controllers/TarifaMinutoController.php(56): view()
#3 /app/myapp/system/CodeIgniter.php(832): App\Controllers\TarifaMinutoController->ver()
#4 /app/myapp/system/CodeIgniter.php(419): CodeIgniter\CodeIgniter->runController()
#5 /app/myapp/system/CodeIgniter.php(326): CodeIgniter\CodeIgniter->handleRequest()
#6 /app/myapp/public/index.php(37): CodeIgniter\CodeIgniter->run()
#7 {main}
